<?xml version="1.0" encoding="UTF-8"?>
<testsuite xmlns:xsi="http://www.w3.org/2001/XMLSchema-instance" xsi:noNamespaceSchemaLocation="https://maven.apache.org/surefire/maven-surefire-plugin/xsd/surefire-test-report.xsd" version="3.0.2" name="org.example.consent.service.BitmaskGeneratorTest" time="0.006" tests="2" errors="0" skipped="0" failures="0">
  <properties>
[...]
</properties>
  <testcase name="testGenerateMask" classname="org.example.consent.service.BitmaskGeneratorTest" time="0.003">
    <system-out><![CDATA[Written to Gold: active/2026-01-04/purpose/universityResearch/athlete_id=athlete-tc-735ca215/data_809b473e-2adb-4f76-ade6-32f7c141f858.json
Written to Gold: active/2026-01-04/purpose/aiModelTraining/athlete_id=athlete-rev-a2c27007/data_06654655-d2ac-45eb-8fc9-68b2a73219cb.json
]]></system-out>
  </testcase>
  <testcase name="testGenerateRequiredMask" classname="org.example.consent.service.BitmaskGeneratorTest" time="0.002"/>
</testsuite>