<?xml version="1.0" encoding="UTF-8"?>
<testsuite xmlns:xsi="http://www.w3.org/2001/XMLSchema-instance" xsi:noNamespaceSchemaLocation="https://maven.apache.org/surefire/maven-surefire-plugin/xsd/surefire-test-report.xsd" version="3.0.2" name="org.example.integration.DataFlowRevocationTestcontainersTest" time="1.915" tests="1" errors="0" skipped="0" failures="0">
  <properties>
[...]
</properties>
  <testcase name="testRevocationCycle" classname="org.example.integration.DataFlowRevocationTestcontainersTest" time="0.924">
    <system-out><![CDATA[2026-01-04T18:33:07.440+05:30  INFO --- [ntainer#3-0-C-1] o.e.p.l.SilverEnrichmentProcessor        : Saved to Silver and notified: pending/2026-01-04/athlete-tc-735ca215/bd653650-017d-42ff-ba7d-b7a05f1c93c8.json
2026-01-04T18:33:07.440+05:30  INFO --- [ntainer#3-0-C-1] o.e.p.l.SilverEnrichmentProcessor        : Enriching Silver: 0d6ee884-e501-403e-aa34-ba76aeff8316
Written to Gold: active/2026-01-04/purpose/clinicalAnalysis/athlete_id=athlete-tc-735ca215/data_4bed5dcc-3f72-4e02-ab1c-4f1148fa2136.json
2026-01-04T18:33:07.445+05:30  INFO --- [           main] t.c.s.AnnotationConfigContextLoaderUtils : Could not detect default configuration classes for test class [org.example.integration.DataFlowRevocationTestcontainersTest]: DataFlowRevocationTestcontainersTest does not declare any static, non-private, non-final, nested classes annotated with @Configuration.
2026-01-04T18:33:07.455+05:30  INFO --- [           main] .b.t.c.SpringBootTestContextBootstrapper : Found @SpringBootConfiguration org.example.DataLakeApplication for test class org.example.integration.DataFlowRevocationTestcontainersTest
Written to Gold: active/2026-01-04/purpose/physiologicalMonitoring/athlete_id=athlete-tc-735ca215/data_4bed5dcc-3f72-4e02-ab1c-4f1148fa2136.json
2026-01-04T18:33:07.457+05:30  INFO --- [ntainer#3-0-C-1] o.e.p.l.SilverEnrichmentProcessor        : Saved to Silver and notified: pending/2026-01-04/athlete-tc-735ca215/0d6ee884-e501-403e-aa34-ba76aeff8316.json
2026-01-04T18:33:07.457+05:30  INFO --- [ntainer#3-0-C-1] o.e.p.l.SilverEnrichmentProcessor        : Enriching Silver: 201b0ca4-8178-49ff-8f0a-943a4c6ab006
Written to Gold: active/2026-01-04/purpose/education/athlete_id=athlete-tc-735ca215/data_4bed5dcc-3f72-4e02-ab1c-4f1148fa2136.json
2026-01-04T18:33:07.479+05:30  INFO --- [ntainer#3-0-C-1] o.e.p.l.SilverEnrichmentProcessor        : Saved to Silver and notified: pending/2026-01-04/athlete-tc-735ca215/201b0ca4-8178-49ff-8f0a-943a4c6ab006.json
2026-01-04T18:33:07.490+05:30  INFO --- [ntainer#3-0-C-1] o.e.p.l.SilverEnrichmentProcessor        : Enriching Silver: ea1e0001-fc3e-46c0-ab42-2d285facd399
Written to Gold: active/2026-01-04/purpose/universityResearch/athlete_id=athlete-tc-735ca215/data_4bed5dcc-3f72-4e02-ab1c-4f1148fa2136.json

  .   ____          _            __ _ _
 /\\ / ___'_ __ _ _(_)_ __  __ _ \ \ \ \
( ( )\___ | '_ | '_| | '_ \/ _` | \ \ \ \
 \\/  ___)| |_)| | | | | || (_| |  ) ) ) )
  '  |____| .__|_| |_|_| |_\__, | / / / /
 =========|_|==============|___/=/_/_/_/

 :: Spring Boot ::                (v3.4.0)

Written to Gold: active/2026-01-04/purpose/academicStudies/athlete_id=athlete-tc-735ca215/data_4bed5dcc-3f72-4e02-ab1c-4f1148fa2136.json
2026-01-04T18:33:07.509+05:30  INFO --- [ntainer#3-0-C-1] o.e.p.l.SilverEnrichmentProcessor        : Saved to Silver and notified: pending/2026-01-04/athlete-tc-735ca215/ea1e0001-fc3e-46c0-ab42-2d285facd399.json
2026-01-04T18:33:07.510+05:30  INFO --- [           main] e.i.DataFlowRevocationTestcontainersTest : Starting DataFlowRevocationTestcontainersTest using Java 21.0.7 with PID 1953 (started by krunal in /Users/krunal/REPO/DataLakePOC)
2026-01-04T18:33:07.510+05:30  INFO --- [           main] e.i.DataFlowRevocationTestcontainersTest : No active profile set, falling back to 1 default profile: "default"
Written to Gold: active/2026-01-04/purpose/technologyAndAI/athlete_id=athlete-tc-735ca215/data_4bed5dcc-3f72-4e02-ab1c-4f1148fa2136.json
Written to Gold: active/2026-01-04/purpose/aiModelTraining/athlete_id=athlete-tc-735ca215/data_4bed5dcc-3f72-4e02-ab1c-4f1148fa2136.json
Written to Gold: active/2026-01-04/purpose/machineLearningResearch/athlete_id=athlete-tc-735ca215/data_4bed5dcc-3f72-4e02-ab1c-4f1148fa2136.json
2026-01-04T18:33:07.560+05:30  INFO --- [ntainer#2-0-C-1] o.e.p.listener.GoldConsentProcessor      : Fanning out to Gold based on Consent: 8c400349-ff6d-4157-8693-23ace305ea08
Written to Gold: active/2026-01-04/purpose/research/athlete_id=athlete-tc-735ca215/data_8c400349-ff6d-4157-8693-23ace305ea08.json
Written to Gold: active/2026-01-04/purpose/governmentResearch/athlete_id=athlete-tc-735ca215/data_8c400349-ff6d-4157-8693-23ace305ea08.json
Written to Gold: active/2026-01-04/purpose/privateResearch/athlete_id=athlete-tc-735ca215/data_8c400349-ff6d-4157-8693-23ace305ea08.json
Written to Gold: active/2026-01-04/purpose/sportsAndPerformance/athlete_id=athlete-tc-735ca215/data_8c400349-ff6d-4157-8693-23ace305ea08.json
Written to Gold: active/2026-01-04/purpose/playerPerformanceEvaluation/athlete_id=athlete-tc-735ca215/data_8c400349-ff6d-4157-8693-23ace305ea08.json
Written to Gold: active/2026-01-04/purpose/trainingOptimisation/athlete_id=athlete-tc-735ca215/data_8c400349-ff6d-4157-8693-23ace305ea08.json
Written to Gold: active/2026-01-04/purpose/healthAndMedical/athlete_id=athlete-tc-735ca215/data_8c400349-ff6d-4157-8693-23ace305ea08.json
Written to Gold: active/2026-01-04/purpose/clinicalAnalysis/athlete_id=athlete-tc-735ca215/data_8c400349-ff6d-4157-8693-23ace305ea08.json
Written to Gold: active/2026-01-04/purpose/physiologicalMonitoring/athlete_id=athlete-tc-735ca215/data_8c400349-ff6d-4157-8693-23ace305ea08.json
Written to Gold: active/2026-01-04/purpose/education/athlete_id=athlete-tc-735ca215/data_8c400349-ff6d-4157-8693-23ace305ea08.json
Written to Gold: active/2026-01-04/purpose/universityResearch/athlete_id=athlete-tc-735ca215/data_8c400349-ff6d-4157-8693-23ace305ea08.json
Written to Gold: active/2026-01-04/purpose/academicStudies/athlete_id=athlete-tc-735ca215/data_8c400349-ff6d-4157-8693-23ace305ea08.json
Written to Gold: active/2026-01-04/purpose/technologyAndAI/athlete_id=athlete-tc-735ca215/data_8c400349-ff6d-4157-8693-23ace305ea08.json
Written to Gold: active/2026-01-04/purpose/aiModelTraining/athlete_id=athlete-tc-735ca215/data_8c400349-ff6d-4157-8693-23ace305ea08.json
Written to Gold: active/2026-01-04/purpose/machineLearningResearch/athlete_id=athlete-tc-735ca215/data_8c400349-ff6d-4157-8693-23ace305ea08.json
2026-01-04T18:33:07.717+05:30  INFO --- [ntainer#2-0-C-1] o.e.p.listener.GoldConsentProcessor      : Fanning out to Gold based on Consent: 1e7ce481-9f49-4982-808c-d0db5aeeb1ea
Written to Gold: active/2026-01-04/purpose/research/athlete_id=athlete-tc-735ca215/data_1e7ce481-9f49-4982-808c-d0db5aeeb1ea.json
Written to Gold: active/2026-01-04/purpose/governmentResearch/athlete_id=athlete-tc-735ca215/data_1e7ce481-9f49-4982-808c-d0db5aeeb1ea.json
Written to Gold: active/2026-01-04/purpose/privateResearch/athlete_id=athlete-tc-735ca215/data_1e7ce481-9f49-4982-808c-d0db5aeeb1ea.json
Written to Gold: active/2026-01-04/purpose/sportsAndPerformance/athlete_id=athlete-tc-735ca215/data_1e7ce481-9f49-4982-808c-d0db5aeeb1ea.json
Written to Gold: active/2026-01-04/purpose/playerPerformanceEvaluation/athlete_id=athlete-tc-735ca215/data_1e7ce481-9f49-4982-808c-d0db5aeeb1ea.json
Written to Gold: active/2026-01-04/purpose/trainingOptimisation/athlete_id=athlete-tc-735ca215/data_1e7ce481-9f49-4982-808c-d0db5aeeb1ea.json
Written to Gold: active/2026-01-04/purpose/healthAndMedical/athlete_id=athlete-tc-735ca215/data_1e7ce481-9f49-4982-808c-d0db5aeeb1ea.json
2026-01-04T18:33:07.790+05:30  INFO --- [           main] .s.d.r.c.RepositoryConfigurationDelegate : Multiple Spring Data modules found, entering strict repository configuration mode
2026-01-04T18:33:07.790+05:30  INFO --- [           main] .s.d.r.c.RepositoryConfigurationDelegate : Bootstrapping Spring Data JPA repositories in DEFAULT mode.
Written to Gold: active/2026-01-04/purpose/clinicalAnalysis/athlete_id=athlete-tc-735ca215/data_1e7ce481-9f49-4982-808c-d0db5aeeb1ea.json
Written to Gold: active/2026-01-04/purpose/physiologicalMonitoring/athlete_id=athlete-tc-735ca215/data_1e7ce481-9f49-4982-808c-d0db5aeeb1ea.json
2026-01-04T18:33:07.804+05:30  INFO --- [           main] .s.d.r.c.RepositoryConfigurationDelegate : Finished Spring Data repository scanning in 10 ms. Found 1 JPA repository interface.
2026-01-04T18:33:07.808+05:30  INFO --- [           main] .s.d.r.c.RepositoryConfigurationDelegate : Multiple Spring Data modules found, entering strict repository configuration mode
2026-01-04T18:33:07.808+05:30  INFO --- [           main] .s.d.r.c.RepositoryConfigurationDelegate : Bootstrapping Spring Data Redis repositories in DEFAULT mode.
Written to Gold: active/2026-01-04/purpose/education/athlete_id=athlete-tc-735ca215/data_1e7ce481-9f49-4982-808c-d0db5aeeb1ea.json
2026-01-04T18:33:07.814+05:30  INFO --- [           main] .RepositoryConfigurationExtensionSupport : Spring Data Redis - Could not safely identify store assignment for repository candidate interface org.example.consent.repository.ConsentRuleRepository; If you want this repository to be a Redis repository, consider annotating your entities with one of these annotations: org.springframework.data.redis.core.RedisHash (preferred), or consider extending one of the following types with your repository: org.springframework.data.keyvalue.repository.KeyValueRepository
2026-01-04T18:33:07.814+05:30  INFO --- [           main] .s.d.r.c.RepositoryConfigurationDelegate : Finished Spring Data repository scanning in 4 ms. Found 0 Redis repository interfaces.
Written to Gold: active/2026-01-04/purpose/universityResearch/athlete_id=athlete-tc-735ca215/data_1e7ce481-9f49-4982-808c-d0db5aeeb1ea.json
Written to Gold: active/2026-01-04/purpose/academicStudies/athlete_id=athlete-tc-735ca215/data_1e7ce481-9f49-4982-808c-d0db5aeeb1ea.json
Written to Gold: active/2026-01-04/purpose/technologyAndAI/athlete_id=athlete-tc-735ca215/data_1e7ce481-9f49-4982-808c-d0db5aeeb1ea.json
Written to Gold: active/2026-01-04/purpose/aiModelTraining/athlete_id=athlete-tc-735ca215/data_1e7ce481-9f49-4982-808c-d0db5aeeb1ea.json
Written to Gold: active/2026-01-04/purpose/machineLearningResearch/athlete_id=athlete-tc-735ca215/data_1e7ce481-9f49-4982-808c-d0db5aeeb1ea.json
2026-01-04T18:33:07.857+05:30  INFO --- [ntainer#2-0-C-1] o.e.p.listener.GoldConsentProcessor      : Fanning out to Gold based on Consent: 0365203a-be94-4eb8-bf19-b0945bc08057
Written to Gold: active/2026-01-04/purpose/research/athlete_id=athlete-tc-735ca215/data_0365203a-be94-4eb8-bf19-b0945bc08057.json
Written to Gold: active/2026-01-04/purpose/governmentResearch/athlete_id=athlete-tc-735ca215/data_0365203a-be94-4eb8-bf19-b0945bc08057.json
Written to Gold: active/2026-01-04/purpose/privateResearch/athlete_id=athlete-tc-735ca215/data_0365203a-be94-4eb8-bf19-b0945bc08057.json
Written to Gold: active/2026-01-04/purpose/sportsAndPerformance/athlete_id=athlete-tc-735ca215/data_0365203a-be94-4eb8-bf19-b0945bc08057.json
Written to Gold: active/2026-01-04/purpose/playerPerformanceEvaluation/athlete_id=athlete-tc-735ca215/data_0365203a-be94-4eb8-bf19-b0945bc08057.json
Written to Gold: active/2026-01-04/purpose/trainingOptimisation/athlete_id=athlete-tc-735ca215/data_0365203a-be94-4eb8-bf19-b0945bc08057.json
Written to Gold: active/2026-01-04/purpose/healthAndMedical/athlete_id=athlete-tc-735ca215/data_0365203a-be94-4eb8-bf19-b0945bc08057.json
2026-01-04T18:33:07.922+05:30  INFO --- [           main] o.s.b.w.embedded.tomcat.TomcatWebServer  : Tomcat initialized with port 0 (http)
2026-01-04T18:33:07.923+05:30  INFO --- [           main] o.apache.catalina.core.StandardService   : Starting service [Tomcat]
2026-01-04T18:33:07.923+05:30  INFO --- [           main] o.apache.catalina.core.StandardEngine    : Starting Servlet engine: [Apache Tomcat/10.1.33]
Written to Gold: active/2026-01-04/purpose/clinicalAnalysis/athlete_id=athlete-tc-735ca215/data_0365203a-be94-4eb8-bf19-b0945bc08057.json
Written to Gold: active/2026-01-04/purpose/physiologicalMonitoring/athlete_id=athlete-tc-735ca215/data_0365203a-be94-4eb8-bf19-b0945bc08057.json
Written to Gold: active/2026-01-04/purpose/education/athlete_id=athlete-tc-735ca215/data_0365203a-be94-4eb8-bf19-b0945bc08057.json
2026-01-04T18:33:07.945+05:30  INFO --- [           main] o.a.c.c.C.[Tomcat-1].[localhost].[/]     : Initializing Spring embedded WebApplicationContext
2026-01-04T18:33:07.945+05:30  INFO --- [           main] w.s.c.ServletWebServerApplicationContext : Root WebApplicationContext: initialization completed in 428 ms
Written to Gold: active/2026-01-04/purpose/universityResearch/athlete_id=athlete-tc-735ca215/data_0365203a-be94-4eb8-bf19-b0945bc08057.json
Written to Gold: active/2026-01-04/purpose/academicStudies/athlete_id=athlete-tc-735ca215/data_0365203a-be94-4eb8-bf19-b0945bc08057.json
2026-01-04T18:33:07.963+05:30  INFO --- [           main] com.zaxxer.hikari.HikariDataSource       : HikariPool-2 - Starting...
2026-01-04T18:33:07.964+05:30  INFO --- [           main] com.zaxxer.hikari.pool.HikariPool        : HikariPool-2 - Added connection conn10: url=jdbc:h2:mem:testdb user=SA
2026-01-04T18:33:07.964+05:30  INFO --- [           main] com.zaxxer.hikari.HikariDataSource       : HikariPool-2 - Start completed.
2026-01-04T18:33:07.964+05:30  INFO --- [           main] o.s.b.a.h2.H2ConsoleAutoConfiguration    : H2 console available at '/h2-console'. Database available at 'jdbc:h2:mem:testdb'
Written to Gold: active/2026-01-04/purpose/technologyAndAI/athlete_id=athlete-tc-735ca215/data_0365203a-be94-4eb8-bf19-b0945bc08057.json
Written to Gold: active/2026-01-04/purpose/aiModelTraining/athlete_id=athlete-tc-735ca215/data_0365203a-be94-4eb8-bf19-b0945bc08057.json
Written to Gold: active/2026-01-04/purpose/machineLearningResearch/athlete_id=athlete-tc-735ca215/data_0365203a-be94-4eb8-bf19-b0945bc08057.json
2026-01-04T18:33:07.989+05:30  INFO --- [ntainer#2-0-C-1] o.e.p.listener.GoldConsentProcessor      : Fanning out to Gold based on Consent: 99677409-dc0f-4367-b3b3-330e8d1a5c1a
2026-01-04T18:33:08.001+05:30  INFO --- [           main] o.hibernate.jpa.internal.util.LogHelper  : HHH000204: Processing PersistenceUnitInfo [name: default]
2026-01-04T18:33:08.003+05:30  INFO --- [           main] o.h.c.internal.RegionFactoryInitiator    : HHH000026: Second-level cache disabled
Written to Gold: active/2026-01-04/purpose/research/athlete_id=athlete-tc-735ca215/data_99677409-dc0f-4367-b3b3-330e8d1a5c1a.json
Written to Gold: active/2026-01-04/purpose/governmentResearch/athlete_id=athlete-tc-735ca215/data_99677409-dc0f-4367-b3b3-330e8d1a5c1a.json
2026-01-04T18:33:08.013+05:30  INFO --- [           main] o.s.o.j.p.SpringPersistenceUnitInfo      : No LoadTimeWeaver setup: ignoring JPA class transformer
2026-01-04T18:33:08.015+05:30  WARN --- [           main] org.hibernate.orm.deprecation            : HHH90000025: H2Dialect does not need to be specified explicitly using 'hibernate.dialect' (remove the property setting and it will be selected by default)
2026-01-04T18:33:08.015+05:30  INFO --- [           main] org.hibernate.orm.connections.pooling    : HHH10001005: Database info:
	Database JDBC URL [Connecting through datasource 'HikariDataSource (HikariPool-2)']
	Database driver: undefined/unknown
	Database version: 2.3.232
	Autocommit mode: undefined/unknown
	Isolation level: undefined/unknown
	Minimum pool size: undefined/unknown
	Maximum pool size: undefined/unknown
Written to Gold: active/2026-01-04/purpose/privateResearch/athlete_id=athlete-tc-735ca215/data_99677409-dc0f-4367-b3b3-330e8d1a5c1a.json
Written to Gold: active/2026-01-04/purpose/sportsAndPerformance/athlete_id=athlete-tc-735ca215/data_99677409-dc0f-4367-b3b3-330e8d1a5c1a.json
Written to Gold: active/2026-01-04/purpose/playerPerformanceEvaluation/athlete_id=athlete-tc-735ca215/data_99677409-dc0f-4367-b3b3-330e8d1a5c1a.json
Written to Gold: active/2026-01-04/purpose/trainingOptimisation/athlete_id=athlete-tc-735ca215/data_99677409-dc0f-4367-b3b3-330e8d1a5c1a.json
Written to Gold: active/2026-01-04/purpose/healthAndMedical/athlete_id=athlete-tc-735ca215/data_99677409-dc0f-4367-b3b3-330e8d1a5c1a.json
Written to Gold: active/2026-01-04/purpose/clinicalAnalysis/athlete_id=athlete-tc-735ca215/data_99677409-dc0f-4367-b3b3-330e8d1a5c1a.json
2026-01-04T18:33:08.075+05:30  INFO --- [           main] o.h.e.t.j.p.i.JtaPlatformInitiator       : HHH000489: No JTA platform available (set 'hibernate.transaction.jta.platform' to enable JTA platform integration)
Written to Gold: active/2026-01-04/purpose/physiologicalMonitoring/athlete_id=athlete-tc-735ca215/data_99677409-dc0f-4367-b3b3-330e8d1a5c1a.json
Written to Gold: active/2026-01-04/purpose/education/athlete_id=athlete-tc-735ca215/data_99677409-dc0f-4367-b3b3-330e8d1a5c1a.json
2026-01-04T18:33:08.090+05:30  INFO --- [           main] j.LocalContainerEntityManagerFactoryBean : Initialized JPA EntityManagerFactory for persistence unit 'default'
Written to Gold: active/2026-01-04/purpose/universityResearch/athlete_id=athlete-tc-735ca215/data_99677409-dc0f-4367-b3b3-330e8d1a5c1a.json
Written to Gold: active/2026-01-04/purpose/academicStudies/athlete_id=athlete-tc-735ca215/data_99677409-dc0f-4367-b3b3-330e8d1a5c1a.json
Written to Gold: active/2026-01-04/purpose/technologyAndAI/athlete_id=athlete-tc-735ca215/data_99677409-dc0f-4367-b3b3-330e8d1a5c1a.json
Written to Gold: active/2026-01-04/purpose/aiModelTraining/athlete_id=athlete-tc-735ca215/data_99677409-dc0f-4367-b3b3-330e8d1a5c1a.json
Written to Gold: active/2026-01-04/purpose/machineLearningResearch/athlete_id=athlete-tc-735ca215/data_99677409-dc0f-4367-b3b3-330e8d1a5c1a.json
2026-01-04T18:33:08.127+05:30  INFO --- [ntainer#2-0-C-1] o.e.p.listener.GoldConsentProcessor      : Fanning out to Gold based on Consent: c95b18a3-7b2d-4641-bdbd-e51e5b5ce3c2
Written to Gold: active/2026-01-04/purpose/research/athlete_id=athlete-tc-735ca215/data_c95b18a3-7b2d-4641-bdbd-e51e5b5ce3c2.json
Written to Gold: active/2026-01-04/purpose/governmentResearch/athlete_id=athlete-tc-735ca215/data_c95b18a3-7b2d-4641-bdbd-e51e5b5ce3c2.json
Written to Gold: active/2026-01-04/purpose/privateResearch/athlete_id=athlete-tc-735ca215/data_c95b18a3-7b2d-4641-bdbd-e51e5b5ce3c2.json
Written to Gold: active/2026-01-04/purpose/sportsAndPerformance/athlete_id=athlete-tc-735ca215/data_c95b18a3-7b2d-4641-bdbd-e51e5b5ce3c2.json
Written to Gold: active/2026-01-04/purpose/playerPerformanceEvaluation/athlete_id=athlete-tc-735ca215/data_c95b18a3-7b2d-4641-bdbd-e51e5b5ce3c2.json
Written to Gold: active/2026-01-04/purpose/trainingOptimisation/athlete_id=athlete-tc-735ca215/data_c95b18a3-7b2d-4641-bdbd-e51e5b5ce3c2.json
Written to Gold: active/2026-01-04/purpose/healthAndMedical/athlete_id=athlete-tc-735ca215/data_c95b18a3-7b2d-4641-bdbd-e51e5b5ce3c2.json
Written to Gold: active/2026-01-04/purpose/clinicalAnalysis/athlete_id=athlete-tc-735ca215/data_c95b18a3-7b2d-4641-bdbd-e51e5b5ce3c2.json
Written to Gold: active/2026-01-04/purpose/physiologicalMonitoring/athlete_id=athlete-tc-735ca215/data_c95b18a3-7b2d-4641-bdbd-e51e5b5ce3c2.json
Written to Gold: active/2026-01-04/purpose/education/athlete_id=athlete-tc-735ca215/data_c95b18a3-7b2d-4641-bdbd-e51e5b5ce3c2.json
2026-01-04T18:33:08.213+05:30  WARN --- [           main] JpaBaseConfiguration$JpaWebConfiguration : spring.jpa.open-in-view is enabled by default. Therefore, database queries may be performed during view rendering. Explicitly configure spring.jpa.open-in-view to disable this warning
Written to Gold: active/2026-01-04/purpose/universityResearch/athlete_id=athlete-tc-735ca215/data_c95b18a3-7b2d-4641-bdbd-e51e5b5ce3c2.json
Written to Gold: active/2026-01-04/purpose/academicStudies/athlete_id=athlete-tc-735ca215/data_c95b18a3-7b2d-4641-bdbd-e51e5b5ce3c2.json
Written to Gold: active/2026-01-04/purpose/technologyAndAI/athlete_id=athlete-tc-735ca215/data_c95b18a3-7b2d-4641-bdbd-e51e5b5ce3c2.json
Written to Gold: active/2026-01-04/purpose/aiModelTraining/athlete_id=athlete-tc-735ca215/data_c95b18a3-7b2d-4641-bdbd-e51e5b5ce3c2.json
Written to Gold: active/2026-01-04/purpose/machineLearningResearch/athlete_id=athlete-tc-735ca215/data_c95b18a3-7b2d-4641-bdbd-e51e5b5ce3c2.json
2026-01-04T18:33:08.242+05:30  INFO --- [ntainer#2-0-C-1] o.e.p.listener.GoldConsentProcessor      : Fanning out to Gold based on Consent: 82e64f8b-7052-4010-8953-cd6b318685c6
Written to Gold: active/2026-01-04/purpose/research/athlete_id=athlete-tc-735ca215/data_82e64f8b-7052-4010-8953-cd6b318685c6.json
Written to Gold: active/2026-01-04/purpose/governmentResearch/athlete_id=athlete-tc-735ca215/data_82e64f8b-7052-4010-8953-cd6b318685c6.json
Written to Gold: active/2026-01-04/purpose/privateResearch/athlete_id=athlete-tc-735ca215/data_82e64f8b-7052-4010-8953-cd6b318685c6.json
Written to Gold: active/2026-01-04/purpose/sportsAndPerformance/athlete_id=athlete-tc-735ca215/data_82e64f8b-7052-4010-8953-cd6b318685c6.json
Written to Gold: active/2026-01-04/purpose/playerPerformanceEvaluation/athlete_id=athlete-tc-735ca215/data_82e64f8b-7052-4010-8953-cd6b318685c6.json
Written to Gold: active/2026-01-04/purpose/trainingOptimisation/athlete_id=athlete-tc-735ca215/data_82e64f8b-7052-4010-8953-cd6b318685c6.json
Written to Gold: active/2026-01-04/purpose/healthAndMedical/athlete_id=athlete-tc-735ca215/data_82e64f8b-7052-4010-8953-cd6b318685c6.json
Written to Gold: active/2026-01-04/purpose/clinicalAnalysis/athlete_id=athlete-tc-735ca215/data_82e64f8b-7052-4010-8953-cd6b318685c6.json
Written to Gold: active/2026-01-04/purpose/physiologicalMonitoring/athlete_id=athlete-tc-735ca215/data_82e64f8b-7052-4010-8953-cd6b318685c6.json
Written to Gold: active/2026-01-04/purpose/education/athlete_id=athlete-tc-735ca215/data_82e64f8b-7052-4010-8953-cd6b318685c6.json
Written to Gold: active/2026-01-04/purpose/universityResearch/athlete_id=athlete-tc-735ca215/data_82e64f8b-7052-4010-8953-cd6b318685c6.json
Written to Gold: active/2026-01-04/purpose/academicStudies/athlete_id=athlete-tc-735ca215/data_82e64f8b-7052-4010-8953-cd6b318685c6.json
2026-01-04T18:33:08.348+05:30  INFO --- [           main] o.a.k.clients.admin.AdminClientConfig    : AdminClientConfig values: 
	auto.include.jmx.reporter = true
	bootstrap.controllers = []
	bootstrap.servers = [PLAINTEXT://localhost:50117]
	client.dns.lookup = use_all_dns_ips
	client.id = DataLakePOC-admin-1
	connections.max.idle.ms = 300000
	default.api.timeout.ms = 60000
	enable.metrics.push = true
	metadata.max.age.ms = 300000
	metadata.recovery.strategy = none
	metric.reporters = []
	metrics.num.samples = 2
	metrics.recording.level = INFO
	metrics.sample.window.ms = 30000
	receive.buffer.bytes = 65536
	reconnect.backoff.max.ms = 1000
	reconnect.backoff.ms = 50
	request.timeout.ms = 30000
	retries = 2147483647
	retry.backoff.max.ms = 1000
	retry.backoff.ms = 100
	sasl.client.callback.handler.class = null
	sasl.jaas.config = null
	sasl.kerberos.kinit.cmd = /usr/bin/kinit
	sasl.kerberos.min.time.before.relogin = 60000
	sasl.kerberos.service.name = null
	sasl.kerberos.ticket.renew.jitter = 0.05
	sasl.kerberos.ticket.renew.window.factor = 0.8
	sasl.login.callback.handler.class = null
	sasl.login.class = null
	sasl.login.connect.timeout.ms = null
	sasl.login.read.timeout.ms = null
	sasl.login.refresh.buffer.seconds = 300
	sasl.login.refresh.min.period.seconds = 60
	sasl.login.refresh.window.factor = 0.8
	sasl.login.refresh.window.jitter = 0.05
	sasl.login.retry.backoff.max.ms = 10000
	sasl.login.retry.backoff.ms = 100
	sasl.mechanism = GSSAPI
	sasl.oauthbearer.clock.skew.seconds = 30
	sasl.oauthbearer.expected.audience = null
	sasl.oauthbearer.expected.issuer = null
	sasl.oauthbearer.jwks.endpoint.refresh.ms = 3600000
	sasl.oauthbearer.jwks.endpoint.retry.backoff.max.ms = 10000
	sasl.oauthbearer.jwks.endpoint.retry.backoff.ms = 100
	sasl.oauthbearer.jwks.endpoint.url = null
	sasl.oauthbearer.scope.claim.name = scope
	sasl.oauthbearer.sub.claim.name = sub
	sasl.oauthbearer.token.endpoint.url = null
	security.protocol = PLAINTEXT
	security.providers = null
	send.buffer.bytes = 131072
	socket.connection.setup.timeout.max.ms = 30000
	socket.connection.setup.timeout.ms = 10000
	ssl.cipher.suites = null
	ssl.enabled.protocols = [TLSv1.2, TLSv1.3]
	ssl.endpoint.identification.algorithm = https
	ssl.engine.factory.class = null
	ssl.key.password = null
	ssl.keymanager.algorithm = SunX509
	ssl.keystore.certificate.chain = null
	ssl.keystore.key = null
	ssl.keystore.location = null
	ssl.keystore.password = null
	ssl.keystore.type = JKS
	ssl.protocol = TLSv1.3
	ssl.provider = null
	ssl.secure.random.implementation = null
	ssl.trustmanager.algorithm = PKIX
	ssl.truststore.certificates = null
	ssl.truststore.location = null
	ssl.truststore.password = null
	ssl.truststore.type = JKS

2026-01-04T18:33:08.350+05:30  INFO --- [           main] o.a.kafka.common.utils.AppInfoParser     : Kafka version: 3.8.1
2026-01-04T18:33:08.350+05:30  INFO --- [           main] o.a.kafka.common.utils.AppInfoParser     : Kafka commitId: 70d6ff42debf7e17
2026-01-04T18:33:08.350+05:30  INFO --- [           main] o.a.kafka.common.utils.AppInfoParser     : Kafka startTimeMs: 1767531788349
Written to Gold: active/2026-01-04/purpose/technologyAndAI/athlete_id=athlete-tc-735ca215/data_82e64f8b-7052-4010-8953-cd6b318685c6.json
Written to Gold: active/2026-01-04/purpose/aiModelTraining/athlete_id=athlete-tc-735ca215/data_82e64f8b-7052-4010-8953-cd6b318685c6.json
2026-01-04T18:33:08.368+05:30  WARN --- [LakePOC-admin-1] o.a.k.clients.admin.KafkaAdminClient     : [AdminClient clientId=DataLakePOC-admin-1] The DescribeTopicPartitions API is not supported, using Metadata API to describe topics.
Written to Gold: active/2026-01-04/purpose/machineLearningResearch/athlete_id=athlete-tc-735ca215/data_82e64f8b-7052-4010-8953-cd6b318685c6.json
2026-01-04T18:33:08.373+05:30  INFO --- [ntainer#2-0-C-1] o.e.p.listener.GoldConsentProcessor      : Fanning out to Gold based on Consent: c03d1887-9d30-42da-ae33-9588e0936300
2026-01-04T18:33:08.374+05:30  INFO --- [LakePOC-admin-1] o.a.kafka.common.utils.AppInfoParser     : App info kafka.admin.client for DataLakePOC-admin-1 unregistered
2026-01-04T18:33:08.375+05:30  INFO --- [LakePOC-admin-1] o.apache.kafka.common.metrics.Metrics    : Metrics scheduler closed
2026-01-04T18:33:08.376+05:30  INFO --- [LakePOC-admin-1] o.apache.kafka.common.metrics.Metrics    : Closing reporter org.apache.kafka.common.metrics.JmxReporter
2026-01-04T18:33:08.376+05:30  INFO --- [LakePOC-admin-1] o.apache.kafka.common.metrics.Metrics    : Metrics reporters closed
2026-01-04T18:33:08.379+05:30  INFO --- [           main] o.s.b.w.embedded.tomcat.TomcatWebServer  : Tomcat started on port 50156 (http) with context path '/'
2026-01-04T18:33:08.380+05:30  INFO --- [           main] o.a.k.clients.consumer.ConsumerConfig    : ConsumerConfig values: 
	allow.auto.create.topics = true
	auto.commit.interval.ms = 5000
	auto.include.jmx.reporter = true
	auto.offset.reset = earliest
	bootstrap.servers = [PLAINTEXT://localhost:50117]
	check.crcs = true
	client.dns.lookup = use_all_dns_ips
	client.id = consumer-gold-group-5
	client.rack = 
	connections.max.idle.ms = 540000
	default.api.timeout.ms = 60000
	enable.auto.commit = false
	enable.metrics.push = true
	exclude.internal.topics = true
	fetch.max.bytes = 52428800
	fetch.max.wait.ms = 500
	fetch.min.bytes = 1
	group.id = gold-group
	group.instance.id = null
	group.protocol = classic
	group.remote.assignor = null
	heartbeat.interval.ms = 3000
	interceptor.classes = []
	internal.leave.group.on.close = true
	internal.throw.on.fetch.stable.offset.unsupported = false
	isolation.level = read_uncommitted
	key.deserializer = class org.apache.kafka.common.serialization.StringDeserializer
	max.partition.fetch.bytes = 1048576
	max.poll.interval.ms = 300000
	max.poll.records = 500
	metadata.max.age.ms = 300000
	metadata.recovery.strategy = none
	metric.reporters = []
	metrics.num.samples = 2
	metrics.recording.level = INFO
	metrics.sample.window.ms = 30000
	partition.assignment.strategy = [class org.apache.kafka.clients.consumer.RangeAssignor, class org.apache.kafka.clients.consumer.CooperativeStickyAssignor]
	receive.buffer.bytes = 65536
	reconnect.backoff.max.ms = 1000
	reconnect.backoff.ms = 50
	request.timeout.ms = 30000
	retry.backoff.max.ms = 1000
	retry.backoff.ms = 100
	sasl.client.callback.handler.class = null
	sasl.jaas.config = null
	sasl.kerberos.kinit.cmd = /usr/bin/kinit
	sasl.kerberos.min.time.before.relogin = 60000
	sasl.kerberos.service.name = null
	sasl.kerberos.ticket.renew.jitter = 0.05
	sasl.kerberos.ticket.renew.window.factor = 0.8
	sasl.login.callback.handler.class = null
	sasl.login.class = null
	sasl.login.connect.timeout.ms = null
	sasl.login.read.timeout.ms = null
	sasl.login.refresh.buffer.seconds = 300
	sasl.login.refresh.min.period.seconds = 60
	sasl.login.refresh.window.factor = 0.8
	sasl.login.refresh.window.jitter = 0.05
	sasl.login.retry.backoff.max.ms = 10000
	sasl.login.retry.backoff.ms = 100
	sasl.mechanism = GSSAPI
	sasl.oauthbearer.clock.skew.seconds = 30
	sasl.oauthbearer.expected.audience = null
	sasl.oauthbearer.expected.issuer = null
	sasl.oauthbearer.jwks.endpoint.refresh.ms = 3600000
	sasl.oauthbearer.jwks.endpoint.retry.backoff.max.ms = 10000
	sasl.oauthbearer.jwks.endpoint.retry.backoff.ms = 100
	sasl.oauthbearer.jwks.endpoint.url = null
	sasl.oauthbearer.scope.claim.name = scope
	sasl.oauthbearer.sub.claim.name = sub
	sasl.oauthbearer.token.endpoint.url = null
	security.protocol = PLAINTEXT
	security.providers = null
	send.buffer.bytes = 131072
	session.timeout.ms = 45000
	socket.connection.setup.timeout.max.ms = 30000
	socket.connection.setup.timeout.ms = 10000
	ssl.cipher.suites = null
	ssl.enabled.protocols = [TLSv1.2, TLSv1.3]
	ssl.endpoint.identification.algorithm = https
	ssl.engine.factory.class = null
	ssl.key.password = null
	ssl.keymanager.algorithm = SunX509
	ssl.keystore.certificate.chain = null
	ssl.keystore.key = null
	ssl.keystore.location = null
	ssl.keystore.password = null
	ssl.keystore.type = JKS
	ssl.protocol = TLSv1.3
	ssl.provider = null
	ssl.secure.random.implementation = null
	ssl.trustmanager.algorithm = PKIX
	ssl.truststore.certificates = null
	ssl.truststore.location = null
	ssl.truststore.password = null
	ssl.truststore.type = JKS
	value.deserializer = class org.springframework.kafka.support.serializer.JsonDeserializer

2026-01-04T18:33:08.381+05:30  INFO --- [           main] o.a.k.c.t.i.KafkaMetricsCollector        : initializing Kafka metrics collector
2026-01-04T18:33:08.384+05:30  INFO --- [           main] o.a.kafka.common.utils.AppInfoParser     : Kafka version: 3.8.1
2026-01-04T18:33:08.384+05:30  INFO --- [           main] o.a.kafka.common.utils.AppInfoParser     : Kafka commitId: 70d6ff42debf7e17
2026-01-04T18:33:08.384+05:30  INFO --- [           main] o.a.kafka.common.utils.AppInfoParser     : Kafka startTimeMs: 1767531788384
Written to Gold: active/2026-01-04/purpose/research/athlete_id=athlete-tc-735ca215/data_c03d1887-9d30-42da-ae33-9588e0936300.json
2026-01-04T18:33:08.385+05:30  INFO --- [           main] o.a.k.c.c.internals.LegacyKafkaConsumer  : [Consumer clientId=consumer-gold-group-5, groupId=gold-group] Subscribed to topic(s): telemetry-silver-saved
2026-01-04T18:33:08.386+05:30  INFO --- [           main] o.a.k.clients.consumer.ConsumerConfig    : ConsumerConfig values: 
	allow.auto.create.topics = true
	auto.commit.interval.ms = 5000
	auto.include.jmx.reporter = true
	auto.offset.reset = earliest
	bootstrap.servers = [PLAINTEXT://localhost:50117]
	check.crcs = true
	client.dns.lookup = use_all_dns_ips
	client.id = consumer-silver-group-6
	client.rack = 
	connections.max.idle.ms = 540000
	default.api.timeout.ms = 60000
	enable.auto.commit = false
	enable.metrics.push = true
	exclude.internal.topics = true
	fetch.max.bytes = 52428800
	fetch.max.wait.ms = 500
	fetch.min.bytes = 1
	group.id = silver-group
	group.instance.id = null
	group.protocol = classic
	group.remote.assignor = null
	heartbeat.interval.ms = 3000
	interceptor.classes = []
	internal.leave.group.on.close = true
	internal.throw.on.fetch.stable.offset.unsupported = false
	isolation.level = read_uncommitted
	key.deserializer = class org.apache.kafka.common.serialization.StringDeserializer
	max.partition.fetch.bytes = 1048576
	max.poll.interval.ms = 300000
	max.poll.records = 500
	metadata.max.age.ms = 300000
	metadata.recovery.strategy = none
	metric.reporters = []
	metrics.num.samples = 2
	metrics.recording.level = INFO
	metrics.sample.window.ms = 30000
	partition.assignment.strategy = [class org.apache.kafka.clients.consumer.RangeAssignor, class org.apache.kafka.clients.consumer.CooperativeStickyAssignor]
	receive.buffer.bytes = 65536
	reconnect.backoff.max.ms = 1000
	reconnect.backoff.ms = 50
	request.timeout.ms = 30000
	retry.backoff.max.ms = 1000
	retry.backoff.ms = 100
	sasl.client.callback.handler.class = null
	sasl.jaas.config = null
	sasl.kerberos.kinit.cmd = /usr/bin/kinit
	sasl.kerberos.min.time.before.relogin = 60000
	sasl.kerberos.service.name = null
	sasl.kerberos.ticket.renew.jitter = 0.05
	sasl.kerberos.ticket.renew.window.factor = 0.8
	sasl.login.callback.handler.class = null
	sasl.login.class = null
	sasl.login.connect.timeout.ms = null
	sasl.login.read.timeout.ms = null
	sasl.login.refresh.buffer.seconds = 300
	sasl.login.refresh.min.period.seconds = 60
	sasl.login.refresh.window.factor = 0.8
	sasl.login.refresh.window.jitter = 0.05
	sasl.login.retry.backoff.max.ms = 10000
	sasl.login.retry.backoff.ms = 100
	sasl.mechanism = GSSAPI
	sasl.oauthbearer.clock.skew.seconds = 30
	sasl.oauthbearer.expected.audience = null
	sasl.oauthbearer.expected.issuer = null
	sasl.oauthbearer.jwks.endpoint.refresh.ms = 3600000
	sasl.oauthbearer.jwks.endpoint.retry.backoff.max.ms = 10000
	sasl.oauthbearer.jwks.endpoint.retry.backoff.ms = 100
	sasl.oauthbearer.jwks.endpoint.url = null
	sasl.oauthbearer.scope.claim.name = scope
	sasl.oauthbearer.sub.claim.name = sub
	sasl.oauthbearer.token.endpoint.url = null
	security.protocol = PLAINTEXT
	security.providers = null
	send.buffer.bytes = 131072
	session.timeout.ms = 45000
	socket.connection.setup.timeout.max.ms = 30000
	socket.connection.setup.timeout.ms = 10000
	ssl.cipher.suites = null
	ssl.enabled.protocols = [TLSv1.2, TLSv1.3]
	ssl.endpoint.identification.algorithm = https
	ssl.engine.factory.class = null
	ssl.key.password = null
	ssl.keymanager.algorithm = SunX509
	ssl.keystore.certificate.chain = null
	ssl.keystore.key = null
	ssl.keystore.location = null
	ssl.keystore.password = null
	ssl.keystore.type = JKS
	ssl.protocol = TLSv1.3
	ssl.provider = null
	ssl.secure.random.implementation = null
	ssl.trustmanager.algorithm = PKIX
	ssl.truststore.certificates = null
	ssl.truststore.location = null
	ssl.truststore.password = null
	ssl.truststore.type = JKS
	value.deserializer = class org.springframework.kafka.support.serializer.JsonDeserializer

2026-01-04T18:33:08.387+05:30  INFO --- [           main] o.a.k.c.t.i.KafkaMetricsCollector        : initializing Kafka metrics collector
2026-01-04T18:33:08.392+05:30  INFO --- [           main] o.a.kafka.common.utils.AppInfoParser     : Kafka version: 3.8.1
2026-01-04T18:33:08.392+05:30  INFO --- [           main] o.a.kafka.common.utils.AppInfoParser     : Kafka commitId: 70d6ff42debf7e17
2026-01-04T18:33:08.392+05:30  INFO --- [           main] o.a.kafka.common.utils.AppInfoParser     : Kafka startTimeMs: 1767531788392
2026-01-04T18:33:08.392+05:30  INFO --- [           main] o.a.k.c.c.internals.LegacyKafkaConsumer  : [Consumer clientId=consumer-silver-group-6, groupId=silver-group] Subscribed to topic(s): telemetry-bronze-saved
2026-01-04T18:33:08.394+05:30  INFO --- [           main] o.a.k.clients.consumer.ConsumerConfig    : ConsumerConfig values: 
	allow.auto.create.topics = true
	auto.commit.interval.ms = 5000
	auto.include.jmx.reporter = true
	auto.offset.reset = earliest
	bootstrap.servers = [PLAINTEXT://localhost:50117]
	check.crcs = true
	client.dns.lookup = use_all_dns_ips
	client.id = consumer-bronze-group-7
	client.rack = 
	connections.max.idle.ms = 540000
	default.api.timeout.ms = 60000
	enable.auto.commit = false
	enable.metrics.push = true
	exclude.internal.topics = true
	fetch.max.bytes = 52428800
	fetch.max.wait.ms = 500
	fetch.min.bytes = 1
	group.id = bronze-group
	group.instance.id = null
	group.protocol = classic
	group.remote.assignor = null
	heartbeat.interval.ms = 3000
	interceptor.classes = []
	internal.leave.group.on.close = true
	internal.throw.on.fetch.stable.offset.unsupported = false
	isolation.level = read_uncommitted
	key.deserializer = class org.apache.kafka.common.serialization.StringDeserializer
	max.partition.fetch.bytes = 1048576
	max.poll.interval.ms = 300000
	max.poll.records = 500
	metadata.max.age.ms = 300000
	metadata.recovery.strategy = none
	metric.reporters = []
	metrics.num.samples = 2
	metrics.recording.level = INFO
	metrics.sample.window.ms = 30000
	partition.assignment.strategy = [class org.apache.kafka.clients.consumer.RangeAssignor, class org.apache.kafka.clients.consumer.CooperativeStickyAssignor]
	receive.buffer.bytes = 65536
	reconnect.backoff.max.ms = 1000
	reconnect.backoff.ms = 50
	request.timeout.ms = 30000
	retry.backoff.max.ms = 1000
	retry.backoff.ms = 100
	sasl.client.callback.handler.class = null
	sasl.jaas.config = null
	sasl.kerberos.kinit.cmd = /usr/bin/kinit
	sasl.kerberos.min.time.before.relogin = 60000
	sasl.kerberos.service.name = null
	sasl.kerberos.ticket.renew.jitter = 0.05
	sasl.kerberos.ticket.renew.window.factor = 0.8
	sasl.login.callback.handler.class = null
	sasl.login.class = null
	sasl.login.connect.timeout.ms = null
	sasl.login.read.timeout.ms = null
	sasl.login.refresh.buffer.seconds = 300
	sasl.login.refresh.min.period.seconds = 60
	sasl.login.refresh.window.factor = 0.8
	sasl.login.refresh.window.jitter = 0.05
	sasl.login.retry.backoff.max.ms = 10000
	sasl.login.retry.backoff.ms = 100
	sasl.mechanism = GSSAPI
	sasl.oauthbearer.clock.skew.seconds = 30
	sasl.oauthbearer.expected.audience = null
	sasl.oauthbearer.expected.issuer = null
	sasl.oauthbearer.jwks.endpoint.refresh.ms = 3600000
	sasl.oauthbearer.jwks.endpoint.retry.backoff.max.ms = 10000
	sasl.oauthbearer.jwks.endpoint.retry.backoff.ms = 100
	sasl.oauthbearer.jwks.endpoint.url = null
	sasl.oauthbearer.scope.claim.name = scope
	sasl.oauthbearer.sub.claim.name = sub
	sasl.oauthbearer.token.endpoint.url = null
	security.protocol = PLAINTEXT
	security.providers = null
	send.buffer.bytes = 131072
	session.timeout.ms = 45000
	socket.connection.setup.timeout.max.ms = 30000
	socket.connection.setup.timeout.ms = 10000
	ssl.cipher.suites = null
	ssl.enabled.protocols = [TLSv1.2, TLSv1.3]
	ssl.endpoint.identification.algorithm = https
	ssl.engine.factory.class = null
	ssl.key.password = null
	ssl.keymanager.algorithm = SunX509
	ssl.keystore.certificate.chain = null
	ssl.keystore.key = null
	ssl.keystore.location = null
	ssl.keystore.password = null
	ssl.keystore.type = JKS
	ssl.protocol = TLSv1.3
	ssl.provider = null
	ssl.secure.random.implementation = null
	ssl.trustmanager.algorithm = PKIX
	ssl.truststore.certificates = null
	ssl.truststore.location = null
	ssl.truststore.password = null
	ssl.truststore.type = JKS
	value.deserializer = class org.springframework.kafka.support.serializer.JsonDeserializer

2026-01-04T18:33:08.394+05:30  INFO --- [ntainer#2-0-C-1] org.apache.kafka.clients.Metadata        : [Consumer clientId=consumer-gold-group-5, groupId=gold-group] Cluster ID: Qbx82x9bSu63VZM0hO-k3Q
2026-01-04T18:33:08.394+05:30  INFO --- [           main] o.a.k.c.t.i.KafkaMetricsCollector        : initializing Kafka metrics collector
Written to Gold: active/2026-01-04/purpose/governmentResearch/athlete_id=athlete-tc-735ca215/data_c03d1887-9d30-42da-ae33-9588e0936300.json
2026-01-04T18:33:08.396+05:30  INFO --- [ntainer#2-0-C-1] o.a.k.c.c.internals.ConsumerCoordinator  : [Consumer clientId=consumer-gold-group-5, groupId=gold-group] Discovered group coordinator localhost:50117 (id: 2147483646 rack: null)
2026-01-04T18:33:08.397+05:30  INFO --- [ntainer#2-0-C-1] o.a.k.c.c.internals.ConsumerCoordinator  : [Consumer clientId=consumer-gold-group-5, groupId=gold-group] (Re-)joining group
2026-01-04T18:33:08.401+05:30  INFO --- [           main] o.a.kafka.common.utils.AppInfoParser     : Kafka version: 3.8.1
2026-01-04T18:33:08.401+05:30  INFO --- [ntainer#3-0-C-1] org.apache.kafka.clients.Metadata        : [Consumer clientId=consumer-silver-group-6, groupId=silver-group] Cluster ID: Qbx82x9bSu63VZM0hO-k3Q
2026-01-04T18:33:08.401+05:30  INFO --- [           main] o.a.kafka.common.utils.AppInfoParser     : Kafka commitId: 70d6ff42debf7e17
2026-01-04T18:33:08.402+05:30  INFO --- [           main] o.a.kafka.common.utils.AppInfoParser     : Kafka startTimeMs: 1767531788401
2026-01-04T18:33:08.403+05:30  INFO --- [           main] o.a.k.c.c.internals.LegacyKafkaConsumer  : [Consumer clientId=consumer-bronze-group-7, groupId=bronze-group] Subscribed to topic(s): telemetry-ingest
2026-01-04T18:33:08.404+05:30  INFO --- [ntainer#3-0-C-1] o.a.k.c.c.internals.ConsumerCoordinator  : [Consumer clientId=consumer-silver-group-6, groupId=silver-group] Discovered group coordinator localhost:50117 (id: 2147483646 rack: null)
2026-01-04T18:33:08.405+05:30  INFO --- [ntainer#3-0-C-1] o.a.k.c.c.internals.ConsumerCoordinator  : [Consumer clientId=consumer-silver-group-6, groupId=silver-group] (Re-)joining group
2026-01-04T18:33:08.406+05:30  INFO --- [           main] o.a.k.clients.consumer.ConsumerConfig    : ConsumerConfig values: 
	allow.auto.create.topics = true
	auto.commit.interval.ms = 5000
	auto.include.jmx.reporter = true
	auto.offset.reset = earliest
	bootstrap.servers = [PLAINTEXT://localhost:50117]
	check.crcs = true
	client.dns.lookup = use_all_dns_ips
	client.id = consumer-gold-index-manager-8
	client.rack = 
	connections.max.idle.ms = 540000
	default.api.timeout.ms = 60000
	enable.auto.commit = false
	enable.metrics.push = true
	exclude.internal.topics = true
	fetch.max.bytes = 52428800
	fetch.max.wait.ms = 500
	fetch.min.bytes = 1
	group.id = gold-index-manager
	group.instance.id = null
	group.protocol = classic
	group.remote.assignor = null
	heartbeat.interval.ms = 3000
	interceptor.classes = []
	internal.leave.group.on.close = true
	internal.throw.on.fetch.stable.offset.unsupported = false
	isolation.level = read_uncommitted
	key.deserializer = class org.apache.kafka.common.serialization.StringDeserializer
	max.partition.fetch.bytes = 1048576
	max.poll.interval.ms = 300000
	max.poll.records = 500
	metadata.max.age.ms = 300000
	metadata.recovery.strategy = none
	metric.reporters = []
	metrics.num.samples = 2
	metrics.recording.level = INFO
	metrics.sample.window.ms = 30000
	partition.assignment.strategy = [class org.apache.kafka.clients.consumer.RangeAssignor, class org.apache.kafka.clients.consumer.CooperativeStickyAssignor]
	receive.buffer.bytes = 65536
	reconnect.backoff.max.ms = 1000
	reconnect.backoff.ms = 50
	request.timeout.ms = 30000
	retry.backoff.max.ms = 1000
	retry.backoff.ms = 100
	sasl.client.callback.handler.class = null
	sasl.jaas.config = null
	sasl.kerberos.kinit.cmd = /usr/bin/kinit
	sasl.kerberos.min.time.before.relogin = 60000
	sasl.kerberos.service.name = null
	sasl.kerberos.ticket.renew.jitter = 0.05
	sasl.kerberos.ticket.renew.window.factor = 0.8
	sasl.login.callback.handler.class = null
	sasl.login.class = null
	sasl.login.connect.timeout.ms = null
	sasl.login.read.timeout.ms = null
	sasl.login.refresh.buffer.seconds = 300
	sasl.login.refresh.min.period.seconds = 60
	sasl.login.refresh.window.factor = 0.8
	sasl.login.refresh.window.jitter = 0.05
	sasl.login.retry.backoff.max.ms = 10000
	sasl.login.retry.backoff.ms = 100
	sasl.mechanism = GSSAPI
	sasl.oauthbearer.clock.skew.seconds = 30
	sasl.oauthbearer.expected.audience = null
	sasl.oauthbearer.expected.issuer = null
	sasl.oauthbearer.jwks.endpoint.refresh.ms = 3600000
	sasl.oauthbearer.jwks.endpoint.retry.backoff.max.ms = 10000
	sasl.oauthbearer.jwks.endpoint.retry.backoff.ms = 100
	sasl.oauthbearer.jwks.endpoint.url = null
	sasl.oauthbearer.scope.claim.name = scope
	sasl.oauthbearer.sub.claim.name = sub
	sasl.oauthbearer.token.endpoint.url = null
	security.protocol = PLAINTEXT
	security.providers = null
	send.buffer.bytes = 131072
	session.timeout.ms = 45000
	socket.connection.setup.timeout.max.ms = 30000
	socket.connection.setup.timeout.ms = 10000
	ssl.cipher.suites = null
	ssl.enabled.protocols = [TLSv1.2, TLSv1.3]
	ssl.endpoint.identification.algorithm = https
	ssl.engine.factory.class = null
	ssl.key.password = null
	ssl.keymanager.algorithm = SunX509
	ssl.keystore.certificate.chain = null
	ssl.keystore.key = null
	ssl.keystore.location = null
	ssl.keystore.password = null
	ssl.keystore.type = JKS
	ssl.protocol = TLSv1.3
	ssl.provider = null
	ssl.secure.random.implementation = null
	ssl.trustmanager.algorithm = PKIX
	ssl.truststore.certificates = null
	ssl.truststore.location = null
	ssl.truststore.password = null
	ssl.truststore.type = JKS
	value.deserializer = class org.springframework.kafka.support.serializer.JsonDeserializer

2026-01-04T18:33:08.407+05:30  INFO --- [           main] o.a.k.c.t.i.KafkaMetricsCollector        : initializing Kafka metrics collector
Written to Gold: active/2026-01-04/purpose/privateResearch/athlete_id=athlete-tc-735ca215/data_c03d1887-9d30-42da-ae33-9588e0936300.json
2026-01-04T18:33:08.409+05:30  INFO --- [ntainer#2-0-C-1] o.a.k.c.c.internals.ConsumerCoordinator  : [Consumer clientId=consumer-gold-group-5, groupId=gold-group] Request joining group due to: need to re-join with the given member-id: consumer-gold-group-5-e693f14f-5812-4899-abfe-a50600203850
2026-01-04T18:33:08.410+05:30  INFO --- [ntainer#2-0-C-1] o.a.k.c.c.internals.ConsumerCoordinator  : [Consumer clientId=consumer-gold-group-5, groupId=gold-group] (Re-)joining group
2026-01-04T18:33:08.414+05:30  INFO --- [           main] o.a.kafka.common.utils.AppInfoParser     : Kafka version: 3.8.1
2026-01-04T18:33:08.414+05:30  INFO --- [ntainer#3-0-C-1] o.a.k.c.c.internals.ConsumerCoordinator  : [Consumer clientId=consumer-silver-group-6, groupId=silver-group] Request joining group due to: need to re-join with the given member-id: consumer-silver-group-6-8f73226b-3501-4d8d-baf3-6398341d4601
2026-01-04T18:33:08.414+05:30  INFO --- [           main] o.a.kafka.common.utils.AppInfoParser     : Kafka commitId: 70d6ff42debf7e17
2026-01-04T18:33:08.414+05:30  INFO --- [           main] o.a.kafka.common.utils.AppInfoParser     : Kafka startTimeMs: 1767531788414
2026-01-04T18:33:08.414+05:30  INFO --- [ntainer#3-0-C-1] o.a.k.c.c.internals.ConsumerCoordinator  : [Consumer clientId=consumer-silver-group-6, groupId=silver-group] (Re-)joining group
2026-01-04T18:33:08.414+05:30  INFO --- [ntainer#0-0-C-1] org.apache.kafka.clients.Metadata        : [Consumer clientId=consumer-bronze-group-7, groupId=bronze-group] Cluster ID: Qbx82x9bSu63VZM0hO-k3Q
2026-01-04T18:33:08.415+05:30  INFO --- [           main] o.a.k.c.c.internals.LegacyKafkaConsumer  : [Consumer clientId=consumer-gold-index-manager-8, groupId=gold-index-manager] Subscribed to topic(s): consent-events
2026-01-04T18:33:08.416+05:30  INFO --- [ntainer#0-0-C-1] o.a.k.c.c.internals.ConsumerCoordinator  : [Consumer clientId=consumer-bronze-group-7, groupId=bronze-group] Discovered group coordinator localhost:50117 (id: 2147483646 rack: null)
2026-01-04T18:33:08.424+05:30  INFO --- [ntainer#0-0-C-1] o.a.k.c.c.internals.ConsumerCoordinator  : [Consumer clientId=consumer-bronze-group-7, groupId=bronze-group] (Re-)joining group
Written to Gold: active/2026-01-04/purpose/sportsAndPerformance/athlete_id=athlete-tc-735ca215/data_c03d1887-9d30-42da-ae33-9588e0936300.json
2026-01-04T18:33:08.428+05:30  INFO --- [           main] e.i.DataFlowRevocationTestcontainersTest : Started DataFlowRevocationTestcontainersTest in 0.962 seconds (process running for 19.9)
2026-01-04T18:33:08.432+05:30  INFO --- [ntainer#0-0-C-1] o.a.k.c.c.internals.ConsumerCoordinator  : [Consumer clientId=consumer-bronze-group-7, groupId=bronze-group] Request joining group due to: need to re-join with the given member-id: consumer-bronze-group-7-1087f64d-6bf7-466e-a19e-dfa91f40dc04
2026-01-04T18:33:08.432+05:30  INFO --- [ntainer#1-0-C-1] org.apache.kafka.clients.Metadata        : [Consumer clientId=consumer-gold-index-manager-8, groupId=gold-index-manager] Cluster ID: Qbx82x9bSu63VZM0hO-k3Q
2026-01-04T18:33:08.432+05:30  INFO --- [ntainer#0-0-C-1] o.a.k.c.c.internals.ConsumerCoordinator  : [Consumer clientId=consumer-bronze-group-7, groupId=bronze-group] (Re-)joining group
2026-01-04T18:33:08.436+05:30  INFO --- [ntainer#1-0-C-1] o.a.k.c.c.internals.ConsumerCoordinator  : [Consumer clientId=consumer-gold-index-manager-8, groupId=gold-index-manager] Discovered group coordinator localhost:50117 (id: 2147483646 rack: null)
2026-01-04T18:33:08.438+05:30  INFO --- [ntainer#1-0-C-1] o.a.k.c.c.internals.ConsumerCoordinator  : [Consumer clientId=consumer-gold-index-manager-8, groupId=gold-index-manager] (Re-)joining group
Written to Gold: active/2026-01-04/purpose/playerPerformanceEvaluation/athlete_id=athlete-tc-735ca215/data_c03d1887-9d30-42da-ae33-9588e0936300.json
2026-01-04T18:33:08.447+05:30  INFO --- [ntainer#1-0-C-1] o.a.k.c.c.internals.ConsumerCoordinator  : [Consumer clientId=consumer-gold-index-manager-8, groupId=gold-index-manager] Request joining group due to: need to re-join with the given member-id: consumer-gold-index-manager-8-5bf257eb-2d2f-4afa-af74-63813a53a71e
2026-01-04T18:33:08.447+05:30  INFO --- [ntainer#1-0-C-1] o.a.k.c.c.internals.ConsumerCoordinator  : [Consumer clientId=consumer-gold-index-manager-8, groupId=gold-index-manager] (Re-)joining group
Written to Gold: active/2026-01-04/purpose/trainingOptimisation/athlete_id=athlete-tc-735ca215/data_c03d1887-9d30-42da-ae33-9588e0936300.json
Written to Gold: active/2026-01-04/purpose/healthAndMedical/athlete_id=athlete-tc-735ca215/data_c03d1887-9d30-42da-ae33-9588e0936300.json
Written to Gold: active/2026-01-04/purpose/clinicalAnalysis/athlete_id=athlete-tc-735ca215/data_c03d1887-9d30-42da-ae33-9588e0936300.json
Written to Gold: active/2026-01-04/purpose/physiologicalMonitoring/athlete_id=athlete-tc-735ca215/data_c03d1887-9d30-42da-ae33-9588e0936300.json
2026-01-04T18:33:08.489+05:30  INFO --- [o-auto-2-exec-1] o.a.c.c.C.[Tomcat-1].[localhost].[/]     : Initializing Spring DispatcherServlet 'dispatcherServlet'
2026-01-04T18:33:08.489+05:30  INFO --- [o-auto-2-exec-1] o.s.web.servlet.DispatcherServlet        : Initializing Servlet 'dispatcherServlet'
2026-01-04T18:33:08.490+05:30  INFO --- [o-auto-2-exec-1] o.s.web.servlet.DispatcherServlet        : Completed initialization in 1 ms
2026-01-04T18:33:08.493+05:30  INFO --- [o-auto-2-exec-1] o.a.k.clients.producer.ProducerConfig    : ProducerConfig values: 
	acks = -1
	auto.include.jmx.reporter = true
	batch.size = 16384
	bootstrap.servers = [PLAINTEXT://localhost:50117]
	buffer.memory = 33554432
	client.dns.lookup = use_all_dns_ips
	client.id = DataLakePOC-producer-1
	compression.gzip.level = -1
	compression.lz4.level = 9
	compression.type = none
	compression.zstd.level = 3
	connections.max.idle.ms = 540000
	delivery.timeout.ms = 120000
	enable.idempotence = true
	enable.metrics.push = true
	interceptor.classes = []
	key.serializer = class org.apache.kafka.common.serialization.StringSerializer
	linger.ms = 0
	max.block.ms = 60000
	max.in.flight.requests.per.connection = 5
	max.request.size = 1048576
	metadata.max.age.ms = 300000
	metadata.max.idle.ms = 300000
	metadata.recovery.strategy = none
	metric.reporters = []
	metrics.num.samples = 2
	metrics.recording.level = INFO
	metrics.sample.window.ms = 30000
	partitioner.adaptive.partitioning.enable = true
	partitioner.availability.timeout.ms = 0
	partitioner.class = null
	partitioner.ignore.keys = false
	receive.buffer.bytes = 32768
	reconnect.backoff.max.ms = 1000
	reconnect.backoff.ms = 50
	request.timeout.ms = 30000
	retries = 2147483647
	retry.backoff.max.ms = 1000
	retry.backoff.ms = 100
	sasl.client.callback.handler.class = null
	sasl.jaas.config = null
	sasl.kerberos.kinit.cmd = /usr/bin/kinit
	sasl.kerberos.min.time.before.relogin = 60000
	sasl.kerberos.service.name = null
	sasl.kerberos.ticket.renew.jitter = 0.05
	sasl.kerberos.ticket.renew.window.factor = 0.8
	sasl.login.callback.handler.class = null
	sasl.login.class = null
	sasl.login.connect.timeout.ms = null
	sasl.login.read.timeout.ms = null
	sasl.login.refresh.buffer.seconds = 300
	sasl.login.refresh.min.period.seconds = 60
	sasl.login.refresh.window.factor = 0.8
	sasl.login.refresh.window.jitter = 0.05
	sasl.login.retry.backoff.max.ms = 10000
	sasl.login.retry.backoff.ms = 100
	sasl.mechanism = GSSAPI
	sasl.oauthbearer.clock.skew.seconds = 30
	sasl.oauthbearer.expected.audience = null
	sasl.oauthbearer.expected.issuer = null
	sasl.oauthbearer.jwks.endpoint.refresh.ms = 3600000
	sasl.oauthbearer.jwks.endpoint.retry.backoff.max.ms = 10000
	sasl.oauthbearer.jwks.endpoint.retry.backoff.ms = 100
	sasl.oauthbearer.jwks.endpoint.url = null
	sasl.oauthbearer.scope.claim.name = scope
	sasl.oauthbearer.sub.claim.name = sub
	sasl.oauthbearer.token.endpoint.url = null
	security.protocol = PLAINTEXT
	security.providers = null
	send.buffer.bytes = 131072
	socket.connection.setup.timeout.max.ms = 30000
	socket.connection.setup.timeout.ms = 10000
	ssl.cipher.suites = null
	ssl.enabled.protocols = [TLSv1.2, TLSv1.3]
	ssl.endpoint.identification.algorithm = https
	ssl.engine.factory.class = null
	ssl.key.password = null
	ssl.keymanager.algorithm = SunX509
	ssl.keystore.certificate.chain = null
	ssl.keystore.key = null
	ssl.keystore.location = null
	ssl.keystore.password = null
	ssl.keystore.type = JKS
	ssl.protocol = TLSv1.3
	ssl.provider = null
	ssl.secure.random.implementation = null
	ssl.trustmanager.algorithm = PKIX
	ssl.truststore.certificates = null
	ssl.truststore.location = null
	ssl.truststore.password = null
	ssl.truststore.type = JKS
	transaction.timeout.ms = 60000
	transactional.id = null
	value.serializer = class org.springframework.kafka.support.serializer.JsonSerializer

2026-01-04T18:33:08.493+05:30  INFO --- [o-auto-2-exec-1] o.a.k.c.t.i.KafkaMetricsCollector        : initializing Kafka metrics collector
2026-01-04T18:33:08.494+05:30  INFO --- [o-auto-2-exec-1] o.a.k.clients.producer.KafkaProducer     : [Producer clientId=DataLakePOC-producer-1] Instantiated an idempotent producer.
Written to Gold: active/2026-01-04/purpose/education/athlete_id=athlete-tc-735ca215/data_c03d1887-9d30-42da-ae33-9588e0936300.json
2026-01-04T18:33:08.497+05:30  INFO --- [o-auto-2-exec-1] o.a.kafka.common.utils.AppInfoParser     : The mbean of App info: [kafka.producer], id: [DataLakePOC-producer-1] already exists, so skipping a new mbean creation.
Written to Gold: active/2026-01-04/purpose/universityResearch/athlete_id=athlete-tc-735ca215/data_c03d1887-9d30-42da-ae33-9588e0936300.json
2026-01-04T18:33:08.508+05:30  INFO --- [ePOC-producer-1] org.apache.kafka.clients.Metadata        : [Producer clientId=DataLakePOC-producer-1] Cluster ID: Qbx82x9bSu63VZM0hO-k3Q
2026-01-04T18:33:08.509+05:30  INFO --- [ePOC-producer-1] o.a.k.c.p.internals.TransactionManager   : [Producer clientId=DataLakePOC-producer-1] ProducerId set to 1 with epoch 0
Written to Gold: active/2026-01-04/purpose/academicStudies/athlete_id=athlete-tc-735ca215/data_c03d1887-9d30-42da-ae33-9588e0936300.json
2026-01-04T18:33:08.526+05:30  INFO --- [ntainer#0-0-C-1] o.e.processing.listener.BronzeConsumer   : Consuming from Ingest: 2b6a9f55-3d73-439b-bfa2-5a5cc71806fb
Written to Gold: active/2026-01-04/purpose/technologyAndAI/athlete_id=athlete-tc-735ca215/data_c03d1887-9d30-42da-ae33-9588e0936300.json
2026-01-04T18:33:08.537+05:30  INFO --- [ntainer#0-0-C-1] o.e.processing.listener.BronzeConsumer   : Saved to Bronze and notified: pending/2026-01-04/athlete-rev-a2c27007/2b6a9f55-3d73-439b-bfa2-5a5cc71806fb.json
Written to Gold: active/2026-01-04/purpose/aiModelTraining/athlete_id=athlete-tc-735ca215/data_c03d1887-9d30-42da-ae33-9588e0936300.json
2026-01-04T18:33:08.551+05:30  INFO --- [ntainer#0-0-C-1] o.e.processing.listener.BronzeConsumer   : Consuming from Ingest: bb9412c6-d4d9-4854-8962-8ef38acde702
2026-01-04T18:33:08.554+05:30  INFO --- [ntainer#3-0-C-1] o.e.p.l.SilverEnrichmentProcessor        : Enriching Silver: 2b6a9f55-3d73-439b-bfa2-5a5cc71806fb
Written to Gold: active/2026-01-04/purpose/machineLearningResearch/athlete_id=athlete-tc-735ca215/data_c03d1887-9d30-42da-ae33-9588e0936300.json
2026-01-04T18:33:08.559+05:30  INFO --- [ntainer#2-0-C-1] o.e.p.listener.GoldConsentProcessor      : Fanning out to Gold based on Consent: a624b7de-9895-4cfe-817b-efaa386b6704
2026-01-04T18:33:08.563+05:30  INFO --- [ntainer#0-0-C-1] o.e.processing.listener.BronzeConsumer   : Saved to Bronze and notified: pending/2026-01-04/athlete-rev-a2c27007/bb9412c6-d4d9-4854-8962-8ef38acde702.json
2026-01-04T18:33:08.564+05:30  INFO --- [ntainer#0-0-C-1] o.e.processing.listener.BronzeConsumer   : Consuming from Ingest: 472c8bb8-cf5e-43bf-ae0c-5d8a2fd7cc79
2026-01-04T18:33:08.578+05:30  INFO --- [ntainer#3-0-C-1] o.e.p.l.SilverEnrichmentProcessor        : Saved to Silver and notified: pending/2026-01-04/athlete-rev-a2c27007/2b6a9f55-3d73-439b-bfa2-5a5cc71806fb.json
2026-01-04T18:33:08.583+05:30  INFO --- [ntainer#0-0-C-1] o.e.processing.listener.BronzeConsumer   : Saved to Bronze and notified: pending/2026-01-04/athlete-rev-a2c27007/472c8bb8-cf5e-43bf-ae0c-5d8a2fd7cc79.json
Written to Gold: active/2026-01-04/purpose/research/athlete_id=athlete-tc-735ca215/data_a624b7de-9895-4cfe-817b-efaa386b6704.json
2026-01-04T18:33:08.588+05:30  INFO --- [ntainer#1-0-C-1] o.a.k.c.c.internals.ConsumerCoordinator  : [Consumer clientId=consumer-gold-index-manager-4, groupId=gold-index-manager] Request joining group due to: group is already rebalancing
2026-01-04T18:33:08.589+05:30  INFO --- [ntainer#1-0-C-1] k.c.c.i.ConsumerRebalanceListenerInvoker : [Consumer clientId=consumer-gold-index-manager-4, groupId=gold-index-manager] Revoke previously assigned partitions consent-events-0
2026-01-04T18:33:08.590+05:30  INFO --- [ntainer#1-0-C-1] o.s.k.l.KafkaMessageListenerContainer    : gold-index-manager: partitions revoked: [consent-events-0]
2026-01-04T18:33:08.590+05:30  INFO --- [ntainer#3-0-C-1] o.e.p.l.SilverEnrichmentProcessor        : Enriching Silver: bb9412c6-d4d9-4854-8962-8ef38acde702
2026-01-04T18:33:08.591+05:30  INFO --- [ntainer#1-0-C-1] o.a.k.c.c.internals.ConsumerCoordinator  : [Consumer clientId=consumer-gold-index-manager-4, groupId=gold-index-manager] (Re-)joining group
2026-01-04T18:33:08.599+05:30  INFO --- [ntainer#0-0-C-1] o.e.processing.listener.BronzeConsumer   : Consuming from Ingest: ec4cfbd8-69e9-425e-afaa-3862e9899489
Written to Gold: active/2026-01-04/purpose/governmentResearch/athlete_id=athlete-tc-735ca215/data_a624b7de-9895-4cfe-817b-efaa386b6704.json
2026-01-04T18:33:08.603+05:30  INFO --- [ntainer#1-0-C-1] o.a.k.c.c.internals.ConsumerCoordinator  : [Consumer clientId=consumer-gold-index-manager-8, groupId=gold-index-manager] Successfully joined group with generation Generation{generationId=2, memberId='consumer-gold-index-manager-8-5bf257eb-2d2f-4afa-af74-63813a53a71e', protocol='range'}
2026-01-04T18:33:08.607+05:30  INFO --- [ntainer#1-0-C-1] o.a.k.c.c.internals.ConsumerCoordinator  : [Consumer clientId=consumer-gold-index-manager-4, groupId=gold-index-manager] Successfully joined group with generation Generation{generationId=2, memberId='consumer-gold-index-manager-4-8e246e75-f501-409e-95b0-0d3e609b6f86', protocol='range'}
2026-01-04T18:33:08.608+05:30  INFO --- [ntainer#1-0-C-1] o.a.k.c.c.internals.ConsumerCoordinator  : [Consumer clientId=consumer-gold-index-manager-4, groupId=gold-index-manager] Finished assignment for group at generation 2: {consumer-gold-index-manager-4-8e246e75-f501-409e-95b0-0d3e609b6f86=Assignment(partitions=[consent-events-0]), consumer-gold-index-manager-8-5bf257eb-2d2f-4afa-af74-63813a53a71e=Assignment(partitions=[])}
2026-01-04T18:33:08.618+05:30  INFO --- [ntainer#3-0-C-1] o.e.p.l.SilverEnrichmentProcessor        : Saved to Silver and notified: pending/2026-01-04/athlete-rev-a2c27007/bb9412c6-d4d9-4854-8962-8ef38acde702.json
2026-01-04T18:33:08.619+05:30  INFO --- [ntainer#3-0-C-1] o.a.k.c.c.internals.ConsumerCoordinator  : [Consumer clientId=consumer-silver-group-2, groupId=silver-group] Request joining group due to: group is already rebalancing
2026-01-04T18:33:08.621+05:30  INFO --- [ntainer#1-0-C-1] o.a.k.c.c.internals.ConsumerCoordinator  : [Consumer clientId=consumer-gold-index-manager-8, groupId=gold-index-manager] Successfully synced group in generation Generation{generationId=2, memberId='consumer-gold-index-manager-8-5bf257eb-2d2f-4afa-af74-63813a53a71e', protocol='range'}
2026-01-04T18:33:08.621+05:30  INFO --- [ntainer#1-0-C-1] o.a.k.c.c.internals.ConsumerCoordinator  : [Consumer clientId=consumer-gold-index-manager-8, groupId=gold-index-manager] Notifying assignor about the new Assignment(partitions=[])
2026-01-04T18:33:08.621+05:30  INFO --- [ntainer#1-0-C-1] k.c.c.i.ConsumerRebalanceListenerInvoker : [Consumer clientId=consumer-gold-index-manager-8, groupId=gold-index-manager] Adding newly assigned partitions: 
2026-01-04T18:33:08.621+05:30  INFO --- [ntainer#1-0-C-1] o.s.k.l.KafkaMessageListenerContainer    : gold-index-manager: partitions assigned: []
2026-01-04T18:33:08.622+05:30  INFO --- [ntainer#0-0-C-1] o.e.processing.listener.BronzeConsumer   : Saved to Bronze and notified: pending/2026-01-04/athlete-rev-a2c27007/ec4cfbd8-69e9-425e-afaa-3862e9899489.json
2026-01-04T18:33:08.622+05:30  INFO --- [ntainer#0-0-C-1] o.e.processing.listener.BronzeConsumer   : Consuming from Ingest: 70f0d40d-31f2-499d-b20e-aa0a3c110de8
Written to Gold: active/2026-01-04/purpose/privateResearch/athlete_id=athlete-tc-735ca215/data_a624b7de-9895-4cfe-817b-efaa386b6704.json
2026-01-04T18:33:08.626+05:30  INFO --- [ntainer#1-0-C-1] o.a.k.c.c.internals.ConsumerCoordinator  : [Consumer clientId=consumer-gold-index-manager-4, groupId=gold-index-manager] Successfully synced group in generation Generation{generationId=2, memberId='consumer-gold-index-manager-4-8e246e75-f501-409e-95b0-0d3e609b6f86', protocol='range'}
2026-01-04T18:33:08.626+05:30  INFO --- [ntainer#1-0-C-1] o.a.k.c.c.internals.ConsumerCoordinator  : [Consumer clientId=consumer-gold-index-manager-4, groupId=gold-index-manager] Notifying assignor about the new Assignment(partitions=[consent-events-0])
2026-01-04T18:33:08.627+05:30  INFO --- [ntainer#1-0-C-1] k.c.c.i.ConsumerRebalanceListenerInvoker : [Consumer clientId=consumer-gold-index-manager-4, groupId=gold-index-manager] Adding newly assigned partitions: consent-events-0
2026-01-04T18:33:08.629+05:30  INFO --- [ntainer#3-0-C-1] k.c.c.i.ConsumerRebalanceListenerInvoker : [Consumer clientId=consumer-silver-group-2, groupId=silver-group] Revoke previously assigned partitions telemetry-bronze-saved-0, telemetry-bronze-saved-1, telemetry-bronze-saved-2
2026-01-04T18:33:08.629+05:30  INFO --- [ntainer#3-0-C-1] o.s.k.l.KafkaMessageListenerContainer    : silver-group: partitions revoked: [telemetry-bronze-saved-0, telemetry-bronze-saved-1, telemetry-bronze-saved-2]
2026-01-04T18:33:08.629+05:30  INFO --- [ntainer#3-0-C-1] o.a.k.c.c.internals.ConsumerCoordinator  : [Consumer clientId=consumer-silver-group-2, groupId=silver-group] (Re-)joining group
2026-01-04T18:33:08.634+05:30  INFO --- [ntainer#1-0-C-1] o.a.k.c.c.internals.ConsumerCoordinator  : [Consumer clientId=consumer-gold-index-manager-4, groupId=gold-index-manager] Found no committed offset for partition consent-events-0
2026-01-04T18:33:08.640+05:30  INFO --- [ntainer#3-0-C-1] o.a.k.c.c.internals.ConsumerCoordinator  : [Consumer clientId=consumer-silver-group-6, groupId=silver-group] Successfully joined group with generation Generation{generationId=2, memberId='consumer-silver-group-6-8f73226b-3501-4d8d-baf3-6398341d4601', protocol='range'}
Written to Gold: active/2026-01-04/purpose/sportsAndPerformance/athlete_id=athlete-tc-735ca215/data_a624b7de-9895-4cfe-817b-efaa386b6704.json
2026-01-04T18:33:08.642+05:30  INFO --- [ntainer#0-0-C-1] o.e.processing.listener.BronzeConsumer   : Saved to Bronze and notified: pending/2026-01-04/athlete-rev-a2c27007/70f0d40d-31f2-499d-b20e-aa0a3c110de8.json
2026-01-04T18:33:08.642+05:30  INFO --- [ntainer#0-0-C-1] o.e.processing.listener.BronzeConsumer   : Consuming from Ingest: 621597a5-a38f-4128-ba32-a042e4d89bf5
2026-01-04T18:33:08.643+05:30  INFO --- [ntainer#3-0-C-1] o.a.k.c.c.internals.ConsumerCoordinator  : [Consumer clientId=consumer-silver-group-2, groupId=silver-group] Successfully joined group with generation Generation{generationId=2, memberId='consumer-silver-group-2-b9bf1e22-a1d5-4b27-8039-f388103f30a8', protocol='range'}
2026-01-04T18:33:08.643+05:30  INFO --- [ntainer#3-0-C-1] o.a.k.c.c.internals.ConsumerCoordinator  : [Consumer clientId=consumer-silver-group-2, groupId=silver-group] Finished assignment for group at generation 2: {consumer-silver-group-6-8f73226b-3501-4d8d-baf3-6398341d4601=Assignment(partitions=[telemetry-bronze-saved-2]), consumer-silver-group-2-b9bf1e22-a1d5-4b27-8039-f388103f30a8=Assignment(partitions=[telemetry-bronze-saved-0, telemetry-bronze-saved-1])}
2026-01-04T18:33:08.653+05:30  INFO --- [ntainer#3-0-C-1] o.a.k.c.c.internals.ConsumerCoordinator  : [Consumer clientId=consumer-silver-group-6, groupId=silver-group] Successfully synced group in generation Generation{generationId=2, memberId='consumer-silver-group-6-8f73226b-3501-4d8d-baf3-6398341d4601', protocol='range'}
2026-01-04T18:33:08.654+05:30  INFO --- [ntainer#3-0-C-1] o.a.k.c.c.internals.ConsumerCoordinator  : [Consumer clientId=consumer-silver-group-6, groupId=silver-group] Notifying assignor about the new Assignment(partitions=[telemetry-bronze-saved-2])
2026-01-04T18:33:08.654+05:30  INFO --- [ntainer#3-0-C-1] k.c.c.i.ConsumerRebalanceListenerInvoker : [Consumer clientId=consumer-silver-group-6, groupId=silver-group] Adding newly assigned partitions: telemetry-bronze-saved-2
2026-01-04T18:33:08.655+05:30  INFO --- [ntainer#3-0-C-1] o.a.k.c.c.internals.ConsumerCoordinator  : [Consumer clientId=consumer-silver-group-2, groupId=silver-group] Successfully synced group in generation Generation{generationId=2, memberId='consumer-silver-group-2-b9bf1e22-a1d5-4b27-8039-f388103f30a8', protocol='range'}
2026-01-04T18:33:08.655+05:30  INFO --- [ntainer#3-0-C-1] o.a.k.c.c.internals.ConsumerCoordinator  : [Consumer clientId=consumer-silver-group-2, groupId=silver-group] Notifying assignor about the new Assignment(partitions=[telemetry-bronze-saved-0, telemetry-bronze-saved-1])
Written to Gold: active/2026-01-04/purpose/playerPerformanceEvaluation/athlete_id=athlete-tc-735ca215/data_a624b7de-9895-4cfe-817b-efaa386b6704.json
2026-01-04T18:33:08.655+05:30  INFO --- [ntainer#3-0-C-1] k.c.c.i.ConsumerRebalanceListenerInvoker : [Consumer clientId=consumer-silver-group-2, groupId=silver-group] Adding newly assigned partitions: telemetry-bronze-saved-0, telemetry-bronze-saved-1
2026-01-04T18:33:08.656+05:30  INFO --- [ntainer#0-0-C-1] o.e.processing.listener.BronzeConsumer   : Saved to Bronze and notified: pending/2026-01-04/athlete-rev-a2c27007/621597a5-a38f-4128-ba32-a042e4d89bf5.json
2026-01-04T18:33:08.657+05:30  INFO --- [ntainer#0-0-C-1] o.a.k.c.c.internals.ConsumerCoordinator  : [Consumer clientId=consumer-bronze-group-3, groupId=bronze-group] Request joining group due to: group is already rebalancing
2026-01-04T18:33:08.660+05:30  INFO --- [ntainer#3-0-C-1] o.a.k.c.c.internals.ConsumerCoordinator  : [Consumer clientId=consumer-silver-group-2, groupId=silver-group] Found no committed offset for partition telemetry-bronze-saved-0
2026-01-04T18:33:08.661+05:30  INFO --- [ntainer#3-0-C-1] o.a.k.c.c.internals.ConsumerUtils        : Setting offset for partition telemetry-bronze-saved-1 to the committed offset FetchPosition{offset=20, offsetEpoch=Optional.empty, currentLeader=LeaderAndEpoch{leader=Optional[localhost:50117 (id: 1 rack: null)], epoch=0}}
2026-01-04T18:33:08.661+05:30  INFO --- [ntainer#3-0-C-1] o.a.k.c.c.internals.ConsumerUtils        : Setting offset for partition telemetry-bronze-saved-2 to the committed offset FetchPosition{offset=2, offsetEpoch=Optional.empty, currentLeader=LeaderAndEpoch{leader=Optional[localhost:50117 (id: 1 rack: null)], epoch=0}}
2026-01-04T18:33:08.661+05:30  INFO --- [ntainer#3-0-C-1] o.s.k.l.KafkaMessageListenerContainer    : silver-group: partitions assigned: [telemetry-bronze-saved-2]
2026-01-04T18:33:08.662+05:30  INFO --- [ntainer#0-0-C-1] k.c.c.i.ConsumerRebalanceListenerInvoker : [Consumer clientId=consumer-bronze-group-3, groupId=bronze-group] Revoke previously assigned partitions telemetry-ingest-0, telemetry-ingest-1, telemetry-ingest-2
2026-01-04T18:33:08.663+05:30  INFO --- [ntainer#0-0-C-1] o.s.k.l.KafkaMessageListenerContainer    : bronze-group: partitions revoked: [telemetry-ingest-0, telemetry-ingest-1, telemetry-ingest-2]
2026-01-04T18:33:08.663+05:30  INFO --- [ntainer#0-0-C-1] o.a.k.c.c.internals.ConsumerCoordinator  : [Consumer clientId=consumer-bronze-group-3, groupId=bronze-group] (Re-)joining group
2026-01-04T18:33:08.664+05:30  INFO --- [ntainer#3-0-C-1] o.a.k.c.c.internals.SubscriptionState    : [Consumer clientId=consumer-silver-group-2, groupId=silver-group] Resetting offset for partition telemetry-bronze-saved-0 to position FetchPosition{offset=0, offsetEpoch=Optional.empty, currentLeader=LeaderAndEpoch{leader=Optional[localhost:50117 (id: 1 rack: null)], epoch=0}}.
2026-01-04T18:33:08.664+05:30  INFO --- [ntainer#3-0-C-1] o.s.k.l.KafkaMessageListenerContainer    : silver-group: partitions assigned: [telemetry-bronze-saved-0, telemetry-bronze-saved-1]
Written to Gold: active/2026-01-04/purpose/trainingOptimisation/athlete_id=athlete-tc-735ca215/data_a624b7de-9895-4cfe-817b-efaa386b6704.json
2026-01-04T18:33:08.669+05:30  INFO --- [ntainer#0-0-C-1] o.a.k.c.c.internals.ConsumerCoordinator  : [Consumer clientId=consumer-bronze-group-7, groupId=bronze-group] Successfully joined group with generation Generation{generationId=2, memberId='consumer-bronze-group-7-1087f64d-6bf7-466e-a19e-dfa91f40dc04', protocol='range'}
2026-01-04T18:33:08.669+05:30  INFO --- [ntainer#0-0-C-1] o.a.k.c.c.internals.ConsumerCoordinator  : [Consumer clientId=consumer-bronze-group-3, groupId=bronze-group] Successfully joined group with generation Generation{generationId=2, memberId='consumer-bronze-group-3-5f62f6cb-546c-4784-8f14-ee15e97f39ef', protocol='range'}
2026-01-04T18:33:08.670+05:30  INFO --- [ntainer#0-0-C-1] o.a.k.c.c.internals.ConsumerCoordinator  : [Consumer clientId=consumer-bronze-group-3, groupId=bronze-group] Finished assignment for group at generation 2: {consumer-bronze-group-3-5f62f6cb-546c-4784-8f14-ee15e97f39ef=Assignment(partitions=[telemetry-ingest-0, telemetry-ingest-1]), consumer-bronze-group-7-1087f64d-6bf7-466e-a19e-dfa91f40dc04=Assignment(partitions=[telemetry-ingest-2])}
2026-01-04T18:33:08.675+05:30  INFO --- [ntainer#0-0-C-1] o.a.k.c.c.internals.ConsumerCoordinator  : [Consumer clientId=consumer-bronze-group-7, groupId=bronze-group] Successfully synced group in generation Generation{generationId=2, memberId='consumer-bronze-group-7-1087f64d-6bf7-466e-a19e-dfa91f40dc04', protocol='range'}
2026-01-04T18:33:08.676+05:30  INFO --- [ntainer#0-0-C-1] o.a.k.c.c.internals.ConsumerCoordinator  : [Consumer clientId=consumer-bronze-group-7, groupId=bronze-group] Notifying assignor about the new Assignment(partitions=[telemetry-ingest-2])
2026-01-04T18:33:08.676+05:30  INFO --- [ntainer#0-0-C-1] o.a.k.c.c.internals.ConsumerCoordinator  : [Consumer clientId=consumer-bronze-group-3, groupId=bronze-group] Successfully synced group in generation Generation{generationId=2, memberId='consumer-bronze-group-3-5f62f6cb-546c-4784-8f14-ee15e97f39ef', protocol='range'}
2026-01-04T18:33:08.676+05:30  INFO --- [ntainer#0-0-C-1] k.c.c.i.ConsumerRebalanceListenerInvoker : [Consumer clientId=consumer-bronze-group-7, groupId=bronze-group] Adding newly assigned partitions: telemetry-ingest-2
2026-01-04T18:33:08.676+05:30  INFO --- [ntainer#0-0-C-1] o.a.k.c.c.internals.ConsumerCoordinator  : [Consumer clientId=consumer-bronze-group-3, groupId=bronze-group] Notifying assignor about the new Assignment(partitions=[telemetry-ingest-0, telemetry-ingest-1])
2026-01-04T18:33:08.676+05:30  INFO --- [ntainer#0-0-C-1] k.c.c.i.ConsumerRebalanceListenerInvoker : [Consumer clientId=consumer-bronze-group-3, groupId=bronze-group] Adding newly assigned partitions: telemetry-ingest-0, telemetry-ingest-1
2026-01-04T18:33:08.679+05:30  INFO --- [ntainer#0-0-C-1] o.a.k.c.c.internals.ConsumerCoordinator  : [Consumer clientId=consumer-bronze-group-3, groupId=bronze-group] Found no committed offset for partition telemetry-ingest-0
2026-01-04T18:33:08.679+05:30  INFO --- [ntainer#0-0-C-1] o.a.k.c.c.internals.ConsumerUtils        : Setting offset for partition telemetry-ingest-2 to the committed offset FetchPosition{offset=6, offsetEpoch=Optional.empty, currentLeader=LeaderAndEpoch{leader=Optional[localhost:50117 (id: 1 rack: null)], epoch=0}}
2026-01-04T18:33:08.679+05:30  INFO --- [ntainer#0-0-C-1] o.a.k.c.c.internals.ConsumerUtils        : Setting offset for partition telemetry-ingest-1 to the committed offset FetchPosition{offset=20, offsetEpoch=Optional.empty, currentLeader=LeaderAndEpoch{leader=Optional[localhost:50117 (id: 1 rack: null)], epoch=0}}
2026-01-04T18:33:08.679+05:30  INFO --- [ntainer#0-0-C-1] o.s.k.l.KafkaMessageListenerContainer    : bronze-group: partitions assigned: [telemetry-ingest-2]
2026-01-04T18:33:08.680+05:30  INFO --- [ntainer#3-0-C-1] o.e.p.l.SilverEnrichmentProcessor        : Enriching Silver: 472c8bb8-cf5e-43bf-ae0c-5d8a2fd7cc79
Written to Gold: active/2026-01-04/purpose/healthAndMedical/athlete_id=athlete-tc-735ca215/data_a624b7de-9895-4cfe-817b-efaa386b6704.json
2026-01-04T18:33:08.683+05:30  INFO --- [ntainer#0-0-C-1] o.a.k.c.c.internals.SubscriptionState    : [Consumer clientId=consumer-bronze-group-3, groupId=bronze-group] Resetting offset for partition telemetry-ingest-0 to position FetchPosition{offset=0, offsetEpoch=Optional.empty, currentLeader=LeaderAndEpoch{leader=Optional[localhost:50117 (id: 1 rack: null)], epoch=0}}.
2026-01-04T18:33:08.683+05:30  INFO --- [ntainer#0-0-C-1] o.s.k.l.KafkaMessageListenerContainer    : bronze-group: partitions assigned: [telemetry-ingest-0, telemetry-ingest-1]
Written to Gold: active/2026-01-04/purpose/clinicalAnalysis/athlete_id=athlete-tc-735ca215/data_a624b7de-9895-4cfe-817b-efaa386b6704.json
2026-01-04T18:33:08.691+05:30  INFO --- [ntainer#0-0-C-1] o.e.processing.listener.BronzeConsumer   : Consuming from Ingest: cf51c9a6-14e1-408f-be66-bf3cdc8f9aad
Written to Gold: active/2026-01-04/purpose/physiologicalMonitoring/athlete_id=athlete-tc-735ca215/data_a624b7de-9895-4cfe-817b-efaa386b6704.json
2026-01-04T18:33:08.697+05:30  INFO --- [ntainer#3-0-C-1] o.e.p.l.SilverEnrichmentProcessor        : Saved to Silver and notified: pending/2026-01-04/athlete-rev-a2c27007/472c8bb8-cf5e-43bf-ae0c-5d8a2fd7cc79.json
2026-01-04T18:33:08.698+05:30  INFO --- [ntainer#3-0-C-1] o.e.p.l.SilverEnrichmentProcessor        : Enriching Silver: ec4cfbd8-69e9-425e-afaa-3862e9899489
2026-01-04T18:33:08.703+05:30  INFO --- [ntainer#0-0-C-1] o.e.processing.listener.BronzeConsumer   : Saved to Bronze and notified: pending/2026-01-04/athlete-rev-a2c27007/cf51c9a6-14e1-408f-be66-bf3cdc8f9aad.json
2026-01-04T18:33:08.703+05:30  INFO --- [ntainer#0-0-C-1] o.e.processing.listener.BronzeConsumer   : Consuming from Ingest: c7e9f73c-f0c9-4388-805c-20858a64aea3
Written to Gold: active/2026-01-04/purpose/education/athlete_id=athlete-tc-735ca215/data_a624b7de-9895-4cfe-817b-efaa386b6704.json
2026-01-04T18:33:08.708+05:30  INFO --- [ntainer#3-0-C-1] o.e.p.l.SilverEnrichmentProcessor        : Saved to Silver and notified: pending/2026-01-04/athlete-rev-a2c27007/ec4cfbd8-69e9-425e-afaa-3862e9899489.json
2026-01-04T18:33:08.708+05:30  INFO --- [ntainer#3-0-C-1] o.e.p.l.SilverEnrichmentProcessor        : Enriching Silver: 70f0d40d-31f2-499d-b20e-aa0a3c110de8
2026-01-04T18:33:08.712+05:30  INFO --- [ntainer#0-0-C-1] o.e.processing.listener.BronzeConsumer   : Saved to Bronze and notified: pending/2026-01-04/athlete-rev-a2c27007/c7e9f73c-f0c9-4388-805c-20858a64aea3.json
2026-01-04T18:33:08.712+05:30  INFO --- [ntainer#0-0-C-1] o.e.processing.listener.BronzeConsumer   : Consuming from Ingest: 3fbde2eb-8506-47b1-b9e0-2b037da00478
Written to Gold: active/2026-01-04/purpose/universityResearch/athlete_id=athlete-tc-735ca215/data_a624b7de-9895-4cfe-817b-efaa386b6704.json
2026-01-04T18:33:08.719+05:30  INFO --- [ntainer#3-0-C-1] o.e.p.l.SilverEnrichmentProcessor        : Saved to Silver and notified: pending/2026-01-04/athlete-rev-a2c27007/70f0d40d-31f2-499d-b20e-aa0a3c110de8.json
2026-01-04T18:33:08.719+05:30  INFO --- [ntainer#3-0-C-1] o.e.p.l.SilverEnrichmentProcessor        : Enriching Silver: 621597a5-a38f-4128-ba32-a042e4d89bf5
Written to Gold: active/2026-01-04/purpose/academicStudies/athlete_id=athlete-tc-735ca215/data_a624b7de-9895-4cfe-817b-efaa386b6704.json
2026-01-04T18:33:08.720+05:30  INFO --- [ntainer#0-0-C-1] o.e.processing.listener.BronzeConsumer   : Saved to Bronze and notified: pending/2026-01-04/athlete-rev-a2c27007/3fbde2eb-8506-47b1-b9e0-2b037da00478.json
2026-01-04T18:33:08.720+05:30  INFO --- [ntainer#0-0-C-1] o.e.processing.listener.BronzeConsumer   : Consuming from Ingest: d2a7aa3c-da3e-4dd5-ae36-2584eff6ed5a
Written to Gold: active/2026-01-04/purpose/technologyAndAI/athlete_id=athlete-tc-735ca215/data_a624b7de-9895-4cfe-817b-efaa386b6704.json
2026-01-04T18:33:08.728+05:30  INFO --- [ntainer#0-0-C-1] o.e.processing.listener.BronzeConsumer   : Saved to Bronze and notified: pending/2026-01-04/athlete-rev-a2c27007/d2a7aa3c-da3e-4dd5-ae36-2584eff6ed5a.json
2026-01-04T18:33:08.728+05:30  INFO --- [ntainer#0-0-C-1] o.e.processing.listener.BronzeConsumer   : Consuming from Ingest: 2f32402d-904a-4baa-b8fb-ccd899d634e8
2026-01-04T18:33:08.730+05:30  INFO --- [ntainer#3-0-C-1] o.e.p.l.SilverEnrichmentProcessor        : Saved to Silver and notified: pending/2026-01-04/athlete-rev-a2c27007/621597a5-a38f-4128-ba32-a042e4d89bf5.json
2026-01-04T18:33:08.731+05:30  INFO --- [ad | gold-group] o.a.k.c.c.internals.ConsumerCoordinator  : [Consumer clientId=consumer-gold-group-1, groupId=gold-group] Request joining group due to: group is already rebalancing
2026-01-04T18:33:08.734+05:30  INFO --- [ntainer#3-0-C-1] o.e.p.l.SilverEnrichmentProcessor        : Enriching Silver: cf51c9a6-14e1-408f-be66-bf3cdc8f9aad
Written to Gold: active/2026-01-04/purpose/aiModelTraining/athlete_id=athlete-tc-735ca215/data_a624b7de-9895-4cfe-817b-efaa386b6704.json
2026-01-04T18:33:08.736+05:30  INFO --- [ntainer#0-0-C-1] o.e.processing.listener.BronzeConsumer   : Saved to Bronze and notified: pending/2026-01-04/athlete-rev-a2c27007/2f32402d-904a-4baa-b8fb-ccd899d634e8.json
2026-01-04T18:33:08.736+05:30  INFO --- [ntainer#0-0-C-1] o.e.processing.listener.BronzeConsumer   : Consuming from Ingest: fe94d500-b3cf-41bc-b307-bfa27b68e6ca
Written to Gold: active/2026-01-04/purpose/machineLearningResearch/athlete_id=athlete-tc-735ca215/data_a624b7de-9895-4cfe-817b-efaa386b6704.json
2026-01-04T18:33:08.744+05:30  INFO --- [ntainer#2-0-C-1] o.e.p.listener.GoldConsentProcessor      : Fanning out to Gold based on Consent: feda9f86-5490-4c26-bc46-d8d12e67eedc
[...]
2026-01-04T18:33:08.927+05:30  INFO --- [ntainer#2-0-C-1] o.s.k.l.KafkaMessageListenerContainer    : gold-group: partitions assigned: [telemetry-silver-saved-0, telemetry-silver-saved-1]
2026-01-04T18:33:08.931+05:30  INFO --- [ntainer#2-0-C-1] o.a.k.c.c.internals.SubscriptionState    : [Consumer clientId=consumer-gold-group-5, groupId=gold-group] Resetting offset for partition telemetry-silver-saved-2 to position FetchPosition{offset=0, offsetEpoch=Optional.empty, currentLeader=LeaderAndEpoch{leader=Optional[localhost:50117 (id: 1 rack: null)], epoch=0}}.
2026-01-04T18:33:08.931+05:30  INFO --- [ntainer#2-0-C-1] o.s.k.l.KafkaMessageListenerContainer    : gold-group: partitions assigned: [telemetry-silver-saved-2]
2026-01-04T18:33:08.933+05:30  INFO --- [ntainer#3-0-C-1] o.e.p.l.SilverEnrichmentProcessor        : Saved to Silver and notified: pending/2026-01-04/athlete-rev-a2c27007/06654655-d2ac-45eb-8fc9-68b2a73219cb.json
2026-01-04T18:33:08.933+05:30  INFO --- [ntainer#3-0-C-1] o.e.p.l.SilverEnrichmentProcessor        : Enriching Silver: c95ca987-c283-42de-b3d3-63e91c15e955
2026-01-04T18:33:08.934+05:30  INFO --- [ntainer#2-0-C-1] o.e.p.listener.GoldConsentProcessor      : Fanning out to Gold based on Consent: 48006ddf-a6f7-4d68-8e2d-ecc8433c1fd5
2026-01-04T18:33:08.950+05:30  INFO --- [ntainer#3-0-C-1] o.e.p.l.SilverEnrichmentProcessor        : Saved to Silver and notified: pending/2026-01-04/athlete-rev-a2c27007/c95ca987-c283-42de-b3d3-63e91c15e955.json
2026-01-04T18:33:08.950+05:30  INFO --- [ntainer#3-0-C-1] o.e.p.l.SilverEnrichmentProcessor        : Enriching Silver: dc231f60-091a-4266-b1ed-594c1f43b548
Written to Gold: active/2026-01-04/purpose/research/athlete_id=athlete-tc-735ca215/data_48006ddf-a6f7-4d68-8e2d-ecc8433c1fd5.json
2026-01-04T18:33:08.960+05:30  INFO --- [ntainer#2-0-C-1] o.e.p.listener.GoldConsentProcessor      : Fanning out to Gold based on Consent: 2b6a9f55-3d73-439b-bfa2-5a5cc71806fb
Written to Gold: active/2026-01-04/purpose/governmentResearch/athlete_id=athlete-tc-735ca215/data_48006ddf-a6f7-4d68-8e2d-ecc8433c1fd5.json
2026-01-04T18:33:08.963+05:30  INFO --- [ntainer#3-0-C-1] o.e.p.l.SilverEnrichmentProcessor        : Saved to Silver and notified: pending/2026-01-04/athlete-rev-a2c27007/dc231f60-091a-4266-b1ed-594c1f43b548.json
Written to Gold: active/2026-01-04/purpose/privateResearch/athlete_id=athlete-tc-735ca215/data_48006ddf-a6f7-4d68-8e2d-ecc8433c1fd5.json
Written to Gold: active/2026-01-04/purpose/research/athlete_id=athlete-rev-a2c27007/data_2b6a9f55-3d73-439b-bfa2-5a5cc71806fb.json
Written to Gold: active/2026-01-04/purpose/sportsAndPerformance/athlete_id=athlete-tc-735ca215/data_48006ddf-a6f7-4d68-8e2d-ecc8433c1fd5.json
Written to Gold: active/2026-01-04/purpose/governmentResearch/athlete_id=athlete-rev-a2c27007/data_2b6a9f55-3d73-439b-bfa2-5a5cc71806fb.json
Written to Gold: active/2026-01-04/purpose/playerPerformanceEvaluation/athlete_id=athlete-tc-735ca215/data_48006ddf-a6f7-4d68-8e2d-ecc8433c1fd5.json
Written to Gold: active/2026-01-04/purpose/privateResearch/athlete_id=athlete-rev-a2c27007/data_2b6a9f55-3d73-439b-bfa2-5a5cc71806fb.json
Written to Gold: active/2026-01-04/purpose/trainingOptimisation/athlete_id=athlete-tc-735ca215/data_48006ddf-a6f7-4d68-8e2d-ecc8433c1fd5.json
Written to Gold: active/2026-01-04/purpose/sportsAndPerformance/athlete_id=athlete-rev-a2c27007/data_2b6a9f55-3d73-439b-bfa2-5a5cc71806fb.json
Written to Gold: active/2026-01-04/purpose/healthAndMedical/athlete_id=athlete-tc-735ca215/data_48006ddf-a6f7-4d68-8e2d-ecc8433c1fd5.json
Written to Gold: active/2026-01-04/purpose/playerPerformanceEvaluation/athlete_id=athlete-rev-a2c27007/data_2b6a9f55-3d73-439b-bfa2-5a5cc71806fb.json
Written to Gold: active/2026-01-04/purpose/clinicalAnalysis/athlete_id=athlete-tc-735ca215/data_48006ddf-a6f7-4d68-8e2d-ecc8433c1fd5.json
Written to Gold: active/2026-01-04/purpose/trainingOptimisation/athlete_id=athlete-rev-a2c27007/data_2b6a9f55-3d73-439b-bfa2-5a5cc71806fb.json
Written to Gold: active/2026-01-04/purpose/physiologicalMonitoring/athlete_id=athlete-tc-735ca215/data_48006ddf-a6f7-4d68-8e2d-ecc8433c1fd5.json
STEP 1: Data found in Active Zone.
Written to Gold: active/2026-01-04/purpose/healthAndMedical/athlete_id=athlete-rev-a2c27007/data_2b6a9f55-3d73-439b-bfa2-5a5cc71806fb.json
Written to Gold: active/2026-01-04/purpose/education/athlete_id=athlete-tc-735ca215/data_48006ddf-a6f7-4d68-8e2d-ecc8433c1fd5.json
Written to Gold: active/2026-01-04/purpose/clinicalAnalysis/athlete_id=athlete-rev-a2c27007/data_2b6a9f55-3d73-439b-bfa2-5a5cc71806fb.json
Written to Gold: active/2026-01-04/purpose/universityResearch/athlete_id=athlete-tc-735ca215/data_48006ddf-a6f7-4d68-8e2d-ecc8433c1fd5.json
Written to Gold: active/2026-01-04/purpose/physiologicalMonitoring/athlete_id=athlete-rev-a2c27007/data_2b6a9f55-3d73-439b-bfa2-5a5cc71806fb.json
2026-01-04T18:33:09.057+05:30  INFO --- [ntainer#1-0-C-1] o.e.p.listener.ConsentEventListener      : Received Consent Event: ConsentChangedEvent(type=REVOKED, athleteId=athlete-rev-a2c27007, purpose=research)
2026-01-04T18:33:09.058+05:30  INFO --- [ntainer#1-0-C-1] o.e.processing.service.GoldIndexManager  : Handling Consent Event: ConsentChangedEvent(type=REVOKED, athleteId=athlete-rev-a2c27007, purpose=research)
Written to Gold: active/2026-01-04/purpose/academicStudies/athlete_id=athlete-tc-735ca215/data_48006ddf-a6f7-4d68-8e2d-ecc8433c1fd5.json
Written to Gold: active/2026-01-04/purpose/education/athlete_id=athlete-rev-a2c27007/data_2b6a9f55-3d73-439b-bfa2-5a5cc71806fb.json
Written to Gold: active/2026-01-04/purpose/technologyAndAI/athlete_id=athlete-tc-735ca215/data_48006ddf-a6f7-4d68-8e2d-ecc8433c1fd5.json
Written to Gold: active/2026-01-04/purpose/universityResearch/athlete_id=athlete-rev-a2c27007/data_2b6a9f55-3d73-439b-bfa2-5a5cc71806fb.json
Written to Gold: active/2026-01-04/purpose/aiModelTraining/athlete_id=athlete-tc-735ca215/data_48006ddf-a6f7-4d68-8e2d-ecc8433c1fd5.json
Written to Gold: active/2026-01-04/purpose/academicStudies/athlete_id=athlete-rev-a2c27007/data_2b6a9f55-3d73-439b-bfa2-5a5cc71806fb.json
Written to Gold: active/2026-01-04/purpose/machineLearningResearch/athlete_id=athlete-tc-735ca215/data_48006ddf-a6f7-4d68-8e2d-ecc8433c1fd5.json
2026-01-04T18:33:09.090+05:30  INFO --- [ntainer#2-0-C-1] o.e.p.listener.GoldConsentProcessor      : Fanning out to Gold based on Consent: 9db536a8-ddb7-463d-a0d6-ba203d5d7511
Written to Gold: active/2026-01-04/purpose/technologyAndAI/athlete_id=athlete-rev-a2c27007/data_2b6a9f55-3d73-439b-bfa2-5a5cc71806fb.json
Written to Gold: active/2026-01-04/purpose/aiModelTraining/athlete_id=athlete-rev-a2c27007/data_2b6a9f55-3d73-439b-bfa2-5a5cc71806fb.json
Written to Gold: active/2026-01-04/purpose/research/athlete_id=athlete-tc-735ca215/data_9db536a8-ddb7-463d-a0d6-ba203d5d7511.json
DEBUG: MATCH FOUND! active/2026-01-04/purpose/research/athlete_id=athlete-rev-a2c27007/data_2b6a9f55-3d73-439b-bfa2-5a5cc71806fb.json
Written to Gold: active/2026-01-04/purpose/governmentResearch/athlete_id=athlete-tc-735ca215/data_9db536a8-ddb7-463d-a0d6-ba203d5d7511.json
Written to Gold: active/2026-01-04/purpose/machineLearningResearch/athlete_id=athlete-rev-a2c27007/data_2b6a9f55-3d73-439b-bfa2-5a5cc71806fb.json
2026-01-04T18:33:09.113+05:30  INFO --- [ntainer#2-0-C-1] o.e.p.listener.GoldConsentProcessor      : Fanning out to Gold based on Consent: bb9412c6-d4d9-4854-8962-8ef38acde702
2026-01-04T18:33:09.119+05:30  INFO --- [ntainer#2-0-C-1] o.e.p.listener.GoldConsentProcessor      : Fanning out to Gold based on Consent: 472c8bb8-cf5e-43bf-ae0c-5d8a2fd7cc79
Written to Gold: active/2026-01-04/purpose/privateResearch/athlete_id=athlete-tc-735ca215/data_9db536a8-ddb7-463d-a0d6-ba203d5d7511.json
2026-01-04T18:33:09.124+05:30  INFO --- [ntainer#2-0-C-1] o.e.p.listener.GoldConsentProcessor      : Fanning out to Gold based on Consent: ec4cfbd8-69e9-425e-afaa-3862e9899489
2026-01-04T18:33:09.125+05:30  INFO --- [ntainer#1-0-C-1] o.e.processing.service.GoldIndexManager  : Moved to History: active/2026-01-04/purpose/research/athlete_id=athlete-rev-a2c27007/data_2b6a9f55-3d73-439b-bfa2-5a5cc71806fb.json -> history/revoked_2026-01-04/2026-01-04/purpose/research/athlete_id=athlete-rev-a2c27007/data_2b6a9f55-3d73-439b-bfa2-5a5cc71806fb.json
2026-01-04T18:33:09.131+05:30  INFO --- [ntainer#2-0-C-1] o.e.p.listener.GoldConsentProcessor      : Fanning out to Gold based on Consent: 70f0d40d-31f2-499d-b20e-aa0a3c110de8
Written to Gold: active/2026-01-04/purpose/sportsAndPerformance/athlete_id=athlete-tc-735ca215/data_9db536a8-ddb7-463d-a0d6-ba203d5d7511.json
2026-01-04T18:33:09.136+05:30  INFO --- [ntainer#2-0-C-1] o.e.p.listener.GoldConsentProcessor      : Fanning out to Gold based on Consent: 621597a5-a38f-4128-ba32-a042e4d89bf5
2026-01-04T18:33:09.140+05:30  INFO --- [ntainer#2-0-C-1] o.e.p.listener.GoldConsentProcessor      : Fanning out to Gold based on Consent: cf51c9a6-14e1-408f-be66-bf3cdc8f9aad
Written to Gold: active/2026-01-04/purpose/playerPerformanceEvaluation/athlete_id=athlete-tc-735ca215/data_9db536a8-ddb7-463d-a0d6-ba203d5d7511.json
2026-01-04T18:33:09.144+05:30  INFO --- [ntainer#2-0-C-1] o.e.p.listener.GoldConsentProcessor      : Fanning out to Gold based on Consent: c7e9f73c-f0c9-4388-805c-20858a64aea3
Written to Gold: active/2026-01-04/purpose/trainingOptimisation/athlete_id=athlete-tc-735ca215/data_9db536a8-ddb7-463d-a0d6-ba203d5d7511.json
2026-01-04T18:33:09.149+05:30  INFO --- [ntainer#2-0-C-1] o.e.p.listener.GoldConsentProcessor      : Fanning out to Gold based on Consent: 3fbde2eb-8506-47b1-b9e0-2b037da00478
2026-01-04T18:33:09.153+05:30  INFO --- [ntainer#2-0-C-1] o.e.p.listener.GoldConsentProcessor      : Fanning out to Gold based on Consent: d2a7aa3c-da3e-4dd5-ae36-2584eff6ed5a
Written to Gold: active/2026-01-04/purpose/healthAndMedical/athlete_id=athlete-tc-735ca215/data_9db536a8-ddb7-463d-a0d6-ba203d5d7511.json
2026-01-04T18:33:09.158+05:30  INFO --- [ntainer#2-0-C-1] o.e.p.listener.GoldConsentProcessor      : Fanning out to Gold based on Consent: 2f32402d-904a-4baa-b8fb-ccd899d634e8
2026-01-04T18:33:09.166+05:30  INFO --- [ntainer#2-0-C-1] o.e.p.listener.GoldConsentProcessor      : Fanning out to Gold based on Consent: fe94d500-b3cf-41bc-b307-bfa27b68e6ca
Written to Gold: active/2026-01-04/purpose/clinicalAnalysis/athlete_id=athlete-tc-735ca215/data_9db536a8-ddb7-463d-a0d6-ba203d5d7511.json
2026-01-04T18:33:09.173+05:30  INFO --- [ntainer#2-0-C-1] o.e.p.listener.GoldConsentProcessor      : Fanning out to Gold based on Consent: 9f96e8e0-7c1f-4021-accd-8781c5e8b211
Written to Gold: active/2026-01-04/purpose/physiologicalMonitoring/athlete_id=athlete-tc-735ca215/data_9db536a8-ddb7-463d-a0d6-ba203d5d7511.json
2026-01-04T18:33:09.178+05:30  INFO --- [ntainer#2-0-C-1] o.e.p.listener.GoldConsentProcessor      : Fanning out to Gold based on Consent: 074c90ed-3c9f-4b18-9309-312c64db7151
2026-01-04T18:33:09.182+05:30  INFO --- [ntainer#2-0-C-1] o.e.p.listener.GoldConsentProcessor      : Fanning out to Gold based on Consent: b1f008e3-6023-4e80-928e-60e75e7eab41
Written to Gold: active/2026-01-04/purpose/education/athlete_id=athlete-tc-735ca215/data_9db536a8-ddb7-463d-a0d6-ba203d5d7511.json
2026-01-04T18:33:09.188+05:30  INFO --- [ntainer#2-0-C-1] o.e.p.listener.GoldConsentProcessor      : Fanning out to Gold based on Consent: d5aca15c-77c2-48da-9c08-4fecf7e8e49a
2026-01-04T18:33:09.195+05:30  INFO --- [ntainer#2-0-C-1] o.e.p.listener.GoldConsentProcessor      : Fanning out to Gold based on Consent: 2d957a10-c127-4a44-b30e-f33108c6672e
Written to Gold: active/2026-01-04/purpose/universityResearch/athlete_id=athlete-tc-735ca215/data_9db536a8-ddb7-463d-a0d6-ba203d5d7511.json
STEP 2: Data moved to History Zone.
2026-01-04T18:33:09.209+05:30  INFO --- [ntainer#2-0-C-1] o.e.p.listener.GoldConsentProcessor      : Fanning out to Gold based on Consent: 06654655-d2ac-45eb-8fc9-68b2a73219cb
2026-01-04T18:33:09.211+05:30  INFO --- [ntainer#1-0-C-1] o.e.p.listener.ConsentEventListener      : Received Consent Event: ConsentChangedEvent(type=GRANTED, athleteId=athlete-rev-a2c27007, purpose=research)
2026-01-04T18:33:09.211+05:30  INFO --- [ntainer#1-0-C-1] o.e.processing.service.GoldIndexManager  : Handling Consent Event: ConsentChangedEvent(type=GRANTED, athleteId=athlete-rev-a2c27007, purpose=research)
Written to Gold: active/2026-01-04/purpose/academicStudies/athlete_id=athlete-tc-735ca215/data_9db536a8-ddb7-463d-a0d6-ba203d5d7511.json
Written to Gold: active/2026-01-04/purpose/technologyAndAI/athlete_id=athlete-tc-735ca215/data_9db536a8-ddb7-463d-a0d6-ba203d5d7511.json
Written to Gold: active/2026-01-04/purpose/research/athlete_id=athlete-rev-a2c27007/data_06654655-d2ac-45eb-8fc9-68b2a73219cb.json
2026-01-04T18:33:09.229+05:30  INFO --- [ntainer#1-0-C-1] o.e.processing.service.GoldIndexManager  : Triggered Replay for Trace: 06654655-d2ac-45eb-8fc9-68b2a73219cb
2026-01-04T18:33:09.230+05:30  INFO --- [ntainer#1-0-C-1] o.e.processing.service.GoldIndexManager  : Triggered Replay for Trace: 074c90ed-3c9f-4b18-9309-312c64db7151
2026-01-04T18:33:09.230+05:30  INFO --- [ntainer#1-0-C-1] o.e.processing.service.GoldIndexManager  : Triggered Replay for Trace: 2b6a9f55-3d73-439b-bfa2-5a5cc71806fb
2026-01-04T18:33:09.230+05:30  INFO --- [ntainer#1-0-C-1] o.e.processing.service.GoldIndexManager  : Triggered Replay for Trace: 2d957a10-c127-4a44-b30e-f33108c6672e
2026-01-04T18:33:09.230+05:30  INFO --- [ntainer#1-0-C-1] o.e.processing.service.GoldIndexManager  : Triggered Replay for Trace: 2f32402d-904a-4baa-b8fb-ccd899d634e8
2026-01-04T18:33:09.230+05:30  INFO --- [ntainer#1-0-C-1] o.e.processing.service.GoldIndexManager  : Triggered Replay for Trace: 3fbde2eb-8506-47b1-b9e0-2b037da00478
2026-01-04T18:33:09.231+05:30  INFO --- [ntainer#1-0-C-1] o.e.processing.service.GoldIndexManager  : Triggered Replay for Trace: 472c8bb8-cf5e-43bf-ae0c-5d8a2fd7cc79
Written to Gold: active/2026-01-04/purpose/aiModelTraining/athlete_id=athlete-tc-735ca215/data_9db536a8-ddb7-463d-a0d6-ba203d5d7511.json
2026-01-04T18:33:09.232+05:30  INFO --- [ntainer#1-0-C-1] o.e.processing.service.GoldIndexManager  : Triggered Replay for Trace: 621597a5-a38f-4128-ba32-a042e4d89bf5
2026-01-04T18:33:09.232+05:30  INFO --- [ntainer#1-0-C-1] o.e.processing.service.GoldIndexManager  : Triggered Replay for Trace: 70f0d40d-31f2-499d-b20e-aa0a3c110de8
2026-01-04T18:33:09.232+05:30  INFO --- [ntainer#1-0-C-1] o.e.processing.service.GoldIndexManager  : Triggered Replay for Trace: 9f96e8e0-7c1f-4021-accd-8781c5e8b211
2026-01-04T18:33:09.233+05:30  INFO --- [ntainer#1-0-C-1] o.e.processing.service.GoldIndexManager  : Triggered Replay for Trace: b1f008e3-6023-4e80-928e-60e75e7eab41
2026-01-04T18:33:09.233+05:30  INFO --- [ntainer#1-0-C-1] o.e.processing.service.GoldIndexManager  : Triggered Replay for Trace: bb9412c6-d4d9-4854-8962-8ef38acde702
2026-01-04T18:33:09.233+05:30  INFO --- [ntainer#1-0-C-1] o.e.processing.service.GoldIndexManager  : Triggered Replay for Trace: c7e9f73c-f0c9-4388-805c-20858a64aea3
2026-01-04T18:33:09.233+05:30  INFO --- [ntainer#1-0-C-1] o.e.processing.service.GoldIndexManager  : Triggered Replay for Trace: c95ca987-c283-42de-b3d3-63e91c15e955
2026-01-04T18:33:09.234+05:30  INFO --- [ntainer#1-0-C-1] o.e.processing.service.GoldIndexManager  : Triggered Replay for Trace: cf51c9a6-14e1-408f-be66-bf3cdc8f9aad
2026-01-04T18:33:09.234+05:30  INFO --- [ntainer#1-0-C-1] o.e.processing.service.GoldIndexManager  : Triggered Replay for Trace: d2a7aa3c-da3e-4dd5-ae36-2584eff6ed5a
2026-01-04T18:33:09.234+05:30  INFO --- [ntainer#1-0-C-1] o.e.processing.service.GoldIndexManager  : Triggered Replay for Trace: d5aca15c-77c2-48da-9c08-4fecf7e8e49a
2026-01-04T18:33:09.234+05:30  INFO --- [ntainer#1-0-C-1] o.e.processing.service.GoldIndexManager  : Triggered Replay for Trace: dc231f60-091a-4266-b1ed-594c1f43b548
2026-01-04T18:33:09.234+05:30  INFO --- [ntainer#1-0-C-1] o.e.processing.service.GoldIndexManager  : Triggered Replay for Trace: ec4cfbd8-69e9-425e-afaa-3862e9899489
2026-01-04T18:33:09.235+05:30  INFO --- [ntainer#1-0-C-1] o.e.processing.service.GoldIndexManager  : Triggered Replay for Trace: fe94d500-b3cf-41bc-b307-bfa27b68e6ca
Written to Gold: active/2026-01-04/purpose/governmentResearch/athlete_id=athlete-rev-a2c27007/data_06654655-d2ac-45eb-8fc9-68b2a73219cb.json
Written to Gold: active/2026-01-04/purpose/machineLearningResearch/athlete_id=athlete-tc-735ca215/data_9db536a8-ddb7-463d-a0d6-ba203d5d7511.json
2026-01-04T18:33:09.244+05:30  INFO --- [ntainer#2-0-C-1] o.e.p.listener.GoldConsentProcessor      : Fanning out to Gold based on Consent: 809b473e-2adb-4f76-ade6-32f7c141f858
Written to Gold: active/2026-01-04/purpose/privateResearch/athlete_id=athlete-rev-a2c27007/data_06654655-d2ac-45eb-8fc9-68b2a73219cb.json
Written to Gold: active/2026-01-04/purpose/sportsAndPerformance/athlete_id=athlete-rev-a2c27007/data_06654655-d2ac-45eb-8fc9-68b2a73219cb.json
Written to Gold: active/2026-01-04/purpose/research/athlete_id=athlete-tc-735ca215/data_809b473e-2adb-4f76-ade6-32f7c141f858.json
Written to Gold: active/2026-01-04/purpose/playerPerformanceEvaluation/athlete_id=athlete-rev-a2c27007/data_06654655-d2ac-45eb-8fc9-68b2a73219cb.json
Written to Gold: active/2026-01-04/purpose/governmentResearch/athlete_id=athlete-tc-735ca215/data_809b473e-2adb-4f76-ade6-32f7c141f858.json
Written to Gold: active/2026-01-04/purpose/trainingOptimisation/athlete_id=athlete-rev-a2c27007/data_06654655-d2ac-45eb-8fc9-68b2a73219cb.json
Written to Gold: active/2026-01-04/purpose/privateResearch/athlete_id=athlete-tc-735ca215/data_809b473e-2adb-4f76-ade6-32f7c141f858.json
Written to Gold: active/2026-01-04/purpose/healthAndMedical/athlete_id=athlete-rev-a2c27007/data_06654655-d2ac-45eb-8fc9-68b2a73219cb.json
Written to Gold: active/2026-01-04/purpose/sportsAndPerformance/athlete_id=athlete-tc-735ca215/data_809b473e-2adb-4f76-ade6-32f7c141f858.json
Written to Gold: active/2026-01-04/purpose/clinicalAnalysis/athlete_id=athlete-rev-a2c27007/data_06654655-d2ac-45eb-8fc9-68b2a73219cb.json
Written to Gold: active/2026-01-04/purpose/playerPerformanceEvaluation/athlete_id=athlete-tc-735ca215/data_809b473e-2adb-4f76-ade6-32f7c141f858.json
Written to Gold: active/2026-01-04/purpose/physiologicalMonitoring/athlete_id=athlete-rev-a2c27007/data_06654655-d2ac-45eb-8fc9-68b2a73219cb.json
Written to Gold: active/2026-01-04/purpose/trainingOptimisation/athlete_id=athlete-tc-735ca215/data_809b473e-2adb-4f76-ade6-32f7c141f858.json
Written to Gold: active/2026-01-04/purpose/education/athlete_id=athlete-rev-a2c27007/data_06654655-d2ac-45eb-8fc9-68b2a73219cb.json
Written to Gold: active/2026-01-04/purpose/healthAndMedical/athlete_id=athlete-tc-735ca215/data_809b473e-2adb-4f76-ade6-32f7c141f858.json
Written to Gold: active/2026-01-04/purpose/universityResearch/athlete_id=athlete-rev-a2c27007/data_06654655-d2ac-45eb-8fc9-68b2a73219cb.json
Written to Gold: active/2026-01-04/purpose/clinicalAnalysis/athlete_id=athlete-tc-735ca215/data_809b473e-2adb-4f76-ade6-32f7c141f858.json
Written to Gold: active/2026-01-04/purpose/academicStudies/athlete_id=athlete-rev-a2c27007/data_06654655-d2ac-45eb-8fc9-68b2a73219cb.json
Written to Gold: active/2026-01-04/purpose/physiologicalMonitoring/athlete_id=athlete-tc-735ca215/data_809b473e-2adb-4f76-ade6-32f7c141f858.json
STEP 3: Data replayed back to Active Zone.
Written to Gold: active/2026-01-04/purpose/education/athlete_id=athlete-tc-735ca215/data_809b473e-2adb-4f76-ade6-32f7c141f858.json
Written to Gold: active/2026-01-04/purpose/technologyAndAI/athlete_id=athlete-rev-a2c27007/data_06654655-d2ac-45eb-8fc9-68b2a73219cb.json
]]></system-out>
  </testcase>
</testsuite>